Build started 1/17/2024 7:08:37 PM.
     1>Project "D:\sourcesdk\super-duper-resource-source-engine\sp\src\launcher_main\launcher_main.vcxproj" on node 9 (Build target(s)).
     1>PreBuildEvent:
         if EXIST ..\..\game\.\hl2.exe for /f "delims=" %%A in ('attrib "..\..\game\.\hl2.exe"') do set valveTmpIsReadOnly="%%A"
         set valveTmpIsReadOnlyLetter=%valveTmpIsReadOnly:~6,1%
         if "%valveTmpIsReadOnlyLetter%"=="R" del /q "D:\sourcesdk\super-duper-resource-source-engine\sp\src\launcher_main\Release\"default.exe
         if exist "..\devtools\bin\vpc.exe" "..\devtools\bin\vpc.exe" -crc2 "launcher_main.vcxproj"
         if ERRORLEVEL 1 exit /b 1
         :VCEnd
       CustomBuild:
         Compiling pointeroverride.asm
          Assembling: D:\sourcesdk\super-duper-resource-source-engine\sp\src\public\tier0\pointeroverride.asm
         Microsoft (R) Macro Assembler Version 12.00.40629.0
         Copyright (C) Microsoft Corporation.  All rights reserved.
         
         Running VPC CRC Check - launcher_main.vpc
       ClCompile:
         C:\Program Files (x86)\Microsoft Visual Studio 12.0\VC\bin\CL.exe /c /I..\common /I..\public /I..\public\tier0 /I..\public\tier1 /Zi /nologo /W4 /WX /MP /O2 /Ob2 /Oi /Ot /Oy- /D VPC /D RAD_TELEMETRY_DISABLED /D MAPBASE /D WIN32 /D _WIN32 /D NDEBUG /D _WINDOWS /D _CRT_SECURE_NO_DEPRECATE /D _CRT_NONSTDC_NO_DEPRECATE /D _ALLOW_RUNTIME_LIBRARY_MISMATCH /D _ALLOW_ITERATOR_DEBUG_LEVEL_MISMATCH /D _ALLOW_MSC_VER_MISMATCH /D _USING_V110_SDK71_ /D _MBCS /D COMPILER_MSVC32 /D COMPILER_MSVC32 /D COMPILER_MSVC /D EXENAME=default /D _DLL_EXT=.dll /D BINK_VIDEO /D AVI_VIDEO /D WMV_VIDEO /D DEV_BUILD /D FRAME_POINTER_OMISSION_DISABLED /D fopen=dont_use_fopen /D _EXTERNAL_DLL_EXT=.dll /D VPCGAMECAPS=VALVE /D "PROJECTDIR=D:\sourcesdk\Map-Labs-master\sp\src\launcher_main" /D _DLL_EXT=.dll /D SOURCE1=1 /D VPCGAME=valve /GF /Gm- /MT /GS /Gy /arch:SSE /fp:fast /Zc:wchar_t /Zc:forScope /GR /openmp- /Fo".\Release\.\/" /Fd".\Release\.\/vc120.pdb" /Gd /TP /wd4316 /analyze- /FC /errorReport:prompt  /d2Zi+ /Gw main.cpp
         main.cpp
       ResourceCompile:
         C:\Program Files (x86)\Microsoft SDKs\Windows\v7.1A\bin\rc.exe /D NDEBUG /D _CRT_SECURE_NO_DEPRECATE /D _CRT_NONSTDC_NO_DEPRECATE /D _USING_V110_SDK71_ /l"1033" /nologo /fo".\Release\.\launcher_main.res" launcher_main.rc 
       Link:
         C:\Program Files (x86)\Microsoft Visual Studio 12.0\VC\bin\link.exe /ERRORREPORT:PROMPT /OUT:".\Release\.\\default.exe" /INCREMENTAL:NO /NOLOGO shell32.lib user32.lib advapi32.lib gdi32.lib comdlg32.lib ole32.lib /NODEFAULTLIB:libc /NODEFAULTLIB:libcd /NODEFAULTLIB:libcmtd /MANIFEST /MANIFESTUAC:"level='asInvoker' uiAccess='false'" /manifest:embed /DEBUG /PDB:".\Release\.\/default.pdb" /SUBSYSTEM:WINDOWS,"5.01" /LARGEADDRESSAWARE /OPT:REF /OPT:NOICF /TLBID:1 /DYNAMICBASE:NO /FIXED:NO /NXCOMPAT /IMPLIB:".\Release\.\default.lib" /MACHINE:X86 /SAFESEH:NO /NXCOMPAT /ignore:4221 .\Release\.\\pointeroverride.obj
         .\Release\.\launcher_main.res
         .\Release\.\/main.obj
            Creating library .\Release\.\default.lib and object .\Release\.\default.exp
         launcher_main.vcxproj -> D:\sourcesdk\super-duper-resource-source-engine\sp\src\launcher_main\.\Release\.\default.exe
       PostBuildEvent:
         copy D:\sourcesdk\super-duper-resource-source-engine\sp\src\launcher_main\.\Release\.\default.exe ..\..\game\.\hl2.exe
         if ERRORLEVEL 1 goto BuildEventFailed
         copy D:\sourcesdk\super-duper-resource-source-engine\sp\src\launcher_main\Release\\default.pdb ..\..\game\.\default.pdb
         if ERRORLEVEL 1 goto BuildEventFailed
         if exist D:\sourcesdk\super-duper-resource-source-engine\sp\src\launcher_main\Release\default.map copy D:\sourcesdk\super-duper-resource-source-engine\sp\src\launcher_main\Release\default.map ..\..\game\.\hl2.map
         goto BuildEventOK
         :BuildEventFailed
         echo *** ERROR! PostBuildStep FAILED for launcher_main! EXE or DLL is probably running. ***
         del /q D:\sourcesdk\super-duper-resource-source-engine\sp\src\launcher_main\.\Release\.\default.exe
         exit 1
         :BuildEventOK
         
         :VCEnd
                 1 file(s) copied.
                 1 file(s) copied.
     1>Done Building Project "D:\sourcesdk\super-duper-resource-source-engine\sp\src\launcher_main\launcher_main.vcxproj" (Build target(s)).

Build succeeded.

Time Elapsed 00:00:15.35
