Build started 12/23/2023 5:38:05 PM.
     1>Project "D:\sourcesdk\Map-Labs-master\sp\src\launcher\launcher.vcxproj" on node 3 (Build target(s)).
     1>PreBuildEvent:
         if EXIST ..\..\game\bin\.\launcher.dll for /f "delims=" %%A in ('attrib "..\..\game\bin\.\launcher.dll"') do set valveTmpIsReadOnly="%%A"
         set valveTmpIsReadOnlyLetter=%valveTmpIsReadOnly:~6,1%
         if "%valveTmpIsReadOnlyLetter%"=="R" del /q "D:\sourcesdk\Map-Labs-master\sp\src\launcher\Debug\"launcher.dll
         if exist "..\devtools\bin\vpc.exe" "..\devtools\bin\vpc.exe" -crc2 "launcher.vcxproj"
         if ERRORLEVEL 1 exit /b 1
         
         :VCEnd
       CustomBuild:
         Compiling pointeroverride.asm
          Assembling: D:\sourcesdk\Map-Labs-master\sp\src\public\tier0\pointeroverride.asm
         Microsoft (R) Macro Assembler Version 12.00.40629.0
         Copyright (C) Microsoft Corporation.  All rights reserved.
         
         Running VPC CRC Check - launcher.vpc
       ClCompile:
         C:\Program Files (x86)\Microsoft Visual Studio 12.0\VC\bin\CL.exe /c /I..\common /I..\public /I..\public\tier0 /I..\public\tier1 /ZI /nologo /W4 /WX /MP /Od /Oy- /D VPC /D RAD_TELEMETRY_DISABLED /D MAPBASE /D _HAS_ITERATOR_DEBUGGING=0 /D WIN32 /D _WIN32 /D _DEBUG /D DEBUG /D _WINDOWS /D _USRDLL /D _CRT_SECURE_NO_DEPRECATE /D _CRT_NONSTDC_NO_DEPRECATE /D _ALLOW_RUNTIME_LIBRARY_MISMATCH /D _ALLOW_ITERATOR_DEBUG_LEVEL_MISMATCH /D _ALLOW_MSC_VER_MISMATCH /D _USING_V110_SDK71_ /D _WINDLL /D _MBCS /D COMPILER_MSVC32 /D COMPILER_MSVC32 /D COMPILER_MSVC /D _DLL_EXT=.dll /D DLLNAME=launcher /D BINK_VIDEO /D AVI_VIDEO /D WMV_VIDEO /D DEV_BUILD /D FRAME_POINTER_OMISSION_DISABLED /D LAUNCHERONLY /D _EXTERNAL_DLL_EXT=.dll /D VPCGAMECAPS=VALVE /D "PROJECTDIR=D:\sourcesdk\Map-Labs-master\sp\src\launcher" /D _DLL_EXT=.dll /D SOURCE1=1 /D VPCGAME=valve /GF /Gm- /MTd /GS /arch:SSE /fp:fast /Zc:wchar_t /Zc:forScope /GR /Fo".\Debug\.\/" /Fd".\Debug\.\/vc120.pdb" /Gd /TP /wd4316 /analyze- /FC /errorReport:prompt /Zm200 /Gw ..\public\filesystem_init.cpp launcher.cpp ..\public\tier0\memoverride.cpp reslistgenerator.cpp
         filesystem_init.cpp
         launcher.cpp
         memoverride.cpp
         reslistgenerator.cpp
       Link:
         C:\Program Files (x86)\Microsoft Visual Studio 12.0\VC\bin\link.exe /ERRORREPORT:PROMPT /OUT:".\Debug\.\\launcher.dll" /INCREMENTAL /NOLOGO /LIBPATH:..\lib\common\. /LIBPATH:..\lib\public\. shell32.lib user32.lib advapi32.lib gdi32.lib comdlg32.lib ole32.lib shlwapi.lib winmm.lib wsock32.lib odbc32.lib odbccp32.lib ..\dx9sdk\lib\dinput8.lib ..\dx9sdk\lib\ddraw.lib /NODEFAULTLIB:libc /NODEFAULTLIB:libcd /NODEFAULTLIB:libcmt /MANIFEST:NO /DEBUG /PDB:".\Debug\.\/launcher.pdb" /SUBSYSTEM:WINDOWS,"5.01" /TLBID:1 /DYNAMICBASE:NO /NXCOMPAT /IMPLIB:".\Debug\.\launcher.lib" /MACHINE:X86 /SAFESEH:NO  /ignore:4221 /DLL .\Debug\.\\pointeroverride.obj
         .\Debug\.\/filesystem_init.obj
         .\Debug\.\/launcher.obj
         .\Debug\.\/memoverride.obj
         .\Debug\.\/reslistgenerator.obj
         ..\lib\public\appframework.lib
         ..\lib\public\steam_api.lib
         ..\lib\public\tier0.lib
         ..\lib\public\tier1.lib
         ..\lib\public\tier2.lib
         ..\lib\public\tier3.lib
         ..\lib\public\vstdlib.lib
            Creating library .\Debug\.\launcher.lib and object .\Debug\.\launcher.exp
         launcher.vcxproj -> D:\sourcesdk\Map-Labs-master\sp\src\launcher\.\Debug\.\launcher.dll
       PostBuildEvent:
         if not exist "..\..\game\bin\." mkdir "..\..\game\bin\."
         copy "D:\sourcesdk\Map-Labs-master\sp\src\launcher\Debug\launcher.dll" "..\..\game\bin\.\launcher.dll"
         if ERRORLEVEL 1 goto BuildEventFailed
         if exist "D:\sourcesdk\Map-Labs-master\sp\src\launcher\Debug\launcher.map" copy "D:\sourcesdk\Map-Labs-master\sp\src\launcher\Debug\launcher.map" ..\..\game\bin\.\launcher.map
         copy "D:\sourcesdk\Map-Labs-master\sp\src\launcher\Debug\launcher.pdb" "..\..\game\bin\.\launcher.pdb"
         if ERRORLEVEL 1 goto BuildEventFailed
         goto BuildEventOK
         :BuildEventFailed
         echo *** ERROR! PostBuildStep FAILED for launcher! EXE or DLL is probably running. ***
         del /q "D:\sourcesdk\Map-Labs-master\sp\src\launcher\Debug\launcher.dll"
         exit 1
         :BuildEventOK
         
         :VCEnd
                 1 file(s) copied.
                 1 file(s) copied.
     1>Done Building Project "D:\sourcesdk\Map-Labs-master\sp\src\launcher\launcher.vcxproj" (Build target(s)).

Build succeeded.

Time Elapsed 00:00:08.63
