Build started 12/26/2023 8:57:00 PM.
     1>Project "D:\sourcesdk\Map-Labs-master\sp\src\game\gamepadui\gamepadui_hl2.vcxproj" on node 8 (Build target(s)).
     1>PreBuildEvent:
         if EXIST ..\..\..\game\mod_hl2\bin\.\gamepadui.dll for /f "delims=" %%A in ('attrib "..\..\..\game\mod_hl2\bin\.\gamepadui.dll"') do set valveTmpIsReadOnly="%%A"
         set valveTmpIsReadOnlyLetter=%valveTmpIsReadOnly:~6,1%
         if "%valveTmpIsReadOnlyLetter%"=="R" del /q "D:\sourcesdk\Map-Labs-master\sp\src\game\gamepadui\Release_mod_hl2\"gamepadui.dll
         if exist "..\..\devtools\bin\vpc.exe" "..\..\devtools\bin\vpc.exe" -crc2 "gamepadui_hl2.vcxproj"
         if ERRORLEVEL 1 exit /b 1
         
         :VCEnd
       CustomBuild:
         Compiling pointeroverride.asm
          Assembling: D:\sourcesdk\Map-Labs-master\sp\src\public\tier0\pointeroverride.asm
         Microsoft (R) Macro Assembler Version 12.00.40629.0
         Copyright (C) Microsoft Corporation.  All rights reserved.
         
       ClCompile:
         C:\Program Files (x86)\Microsoft Visual Studio 12.0\VC\bin\CL.exe /c /I..\..\common /I..\..\public /I..\..\public\tier0 /I..\..\public\tier1 /I.\ /I..\..\vgui2\include /I..\..\vgui2\controls /I..\..\game\gamepadui /I..\..\public /Zi /nologo /W4 /WX /MP /O2 /Ob2 /Oi /Ot /Oy- /D VPC /D RAD_TELEMETRY_DISABLED /D MAPBASE /D WIN32 /D _WIN32 /D NDEBUG /D _WINDOWS /D _USRDLL /D _CRT_SECURE_NO_DEPRECATE /D _CRT_NONSTDC_NO_DEPRECATE /D _ALLOW_RUNTIME_LIBRARY_MISMATCH /D _ALLOW_ITERATOR_DEBUG_LEVEL_MISMATCH /D _ALLOW_MSC_VER_MISMATCH /D _USING_V110_SDK71_ /D _WINDLL /D _MBCS /D COMPILER_MSVC32 /D COMPILER_MSVC32 /D COMPILER_MSVC /D _DLL_EXT=.dll /D DLLNAME=gamepadui /D BINK_VIDEO /D AVI_VIDEO /D WMV_VIDEO /D DEV_BUILD /D FRAME_POINTER_OMISSION_DISABLED /D GAMEPADUI_DLL /D VERSION_SAFE_STEAM_API_INTERFACES /D strncpy=use_Q_strncpy_instead /D _snprintf=use_Q_snprintf_instead /D GAMEPADUI_GAME_HL2 /D _EXTERNAL_DLL_EXT=.dll /D VPCGAMECAPS=VALVE /D "PROJECTDIR=D:\sourcesdk\Map-Labs-master\sp\src\game\gamepadui" /D _DLL_EXT=.dll /D VPCGAME=valve /D SOURCE1=1 /GF /Gm- /MT /GS /Gy /arch:SSE /fp:fast /Zc:wchar_t /Zc:forScope /GR /Fo".\Release_mod_hl2\/" /Fd".\Release_mod_hl2\/vc120.pdb" /Gd /TP /wd4316 /analyze- /FC /errorReport:prompt /Zm200 /d2Zi+ /Gw gamepadui_achievements.cpp gamepadui_basepanel.cpp gamepadui_button.cpp gamepadui_frame.cpp gamepadui_genericconfirmation.cpp gamepadui_interface.cpp gamepadui_mainmenu.cpp gamepadui_newgame.cpp gamepadui_options.cpp gamepadui_savegame.cpp gamepadui_util.cpp ..\..\public\tier0\memoverride.cpp ..\..\common\language.cpp ..\..\public\vgui_controls\vgui_controls.cpp
         gamepadui_achievements.cpp
         gamepadui_basepanel.cpp
         gamepadui_button.cpp
         gamepadui_frame.cpp
         gamepadui_genericconfirmation.cpp
         gamepadui_interface.cpp
         gamepadui_mainmenu.cpp
         gamepadui_newgame.cpp
         gamepadui_options.cpp
         gamepadui_savegame.cpp
         gamepadui_util.cpp
         memoverride.cpp
         language.cpp
         vgui_controls.cpp
       Link:
         C:\Program Files (x86)\Microsoft Visual Studio 12.0\VC\bin\link.exe /ERRORREPORT:PROMPT /OUT:".\Release_mod_hl2\\gamepadui.dll" /INCREMENTAL:NO /NOLOGO /LIBPATH:..\..\lib\common\. /LIBPATH:..\..\lib\public\. shell32.lib user32.lib advapi32.lib gdi32.lib comdlg32.lib ole32.lib winmm.lib /NODEFAULTLIB:libc /NODEFAULTLIB:libcd /NODEFAULTLIB:libcmtd /MANIFEST:NO /DEBUG /PDB:".\Release_mod_hl2\/gamepadui.pdb" /SUBSYSTEM:WINDOWS,"5.01" /OPT:REF /OPT:NOICF /TLBID:1 /DYNAMICBASE:NO /NXCOMPAT /MACHINE:X86 /SAFESEH:NO  /ignore:4221 /DLL .\Release_mod_hl2\\pointeroverride.obj
         .\Release_mod_hl2\/gamepadui_achievements.obj
         .\Release_mod_hl2\/gamepadui_basepanel.obj
         .\Release_mod_hl2\/gamepadui_button.obj
         .\Release_mod_hl2\/gamepadui_frame.obj
         .\Release_mod_hl2\/gamepadui_genericconfirmation.obj
         .\Release_mod_hl2\/gamepadui_interface.obj
         .\Release_mod_hl2\/gamepadui_mainmenu.obj
         .\Release_mod_hl2\/gamepadui_newgame.obj
         .\Release_mod_hl2\/gamepadui_options.obj
         .\Release_mod_hl2\/gamepadui_savegame.obj
         .\Release_mod_hl2\/gamepadui_util.obj
         .\Release_mod_hl2\/memoverride.obj
         .\Release_mod_hl2\/language.obj
         .\Release_mod_hl2\/vgui_controls.obj
         ..\..\lib\public\bitmap.lib
         ..\..\lib\public\choreoobjects.lib
         ..\..\lib\common\libcurl.lib
         ..\..\lib\public\libz.lib
         ..\..\lib\public\mathlib.lib
         ..\..\lib\public\matsys_controls.lib
         ..\..\lib\public\tier0.lib
         ..\..\lib\public\tier1.lib
         ..\..\lib\public\tier2.lib
         ..\..\lib\public\tier3.lib
         ..\..\lib\public\vgui_controls.lib
         ..\..\lib\public\vstdlib.lib
         ..\..\lib\public\vtf.lib
            Creating library .\Release_mod_hl2\\gamepadui.lib and object .\Release_mod_hl2\\gamepadui.exp
         gamepadui_hl2.vcxproj -> D:\sourcesdk\Map-Labs-master\sp\src\game\gamepadui\.\Release_mod_hl2\gamepadui.dll
       PostBuildEvent:
         if not exist "..\..\..\game\mod_hl2\bin\." mkdir "..\..\..\game\mod_hl2\bin\."
         copy "D:\sourcesdk\Map-Labs-master\sp\src\game\gamepadui\Release_mod_hl2\gamepadui.dll" "..\..\..\game\mod_hl2\bin\.\gamepadui.dll"
         if ERRORLEVEL 1 goto BuildEventFailed
         if exist "D:\sourcesdk\Map-Labs-master\sp\src\game\gamepadui\Release_mod_hl2\gamepadui.map" copy "D:\sourcesdk\Map-Labs-master\sp\src\game\gamepadui\Release_mod_hl2\gamepadui.map" ..\..\..\game\mod_hl2\bin\.\gamepadui.map
         copy "D:\sourcesdk\Map-Labs-master\sp\src\game\gamepadui\Release_mod_hl2\gamepadui.pdb" "..\..\..\game\mod_hl2\bin\.\gamepadui.pdb"
         if ERRORLEVEL 1 goto BuildEventFailed
         goto BuildEventOK
         :BuildEventFailed
         echo *** ERROR! PostBuildStep FAILED for GamepadUI (HL2)! EXE or DLL is probably running. ***
         del /q "D:\sourcesdk\Map-Labs-master\sp\src\game\gamepadui\Release_mod_hl2\gamepadui.dll"
         exit 1
         :BuildEventOK
         
         :VCEnd
                 1 file(s) copied.
                 1 file(s) copied.
     1>Done Building Project "D:\sourcesdk\Map-Labs-master\sp\src\game\gamepadui\gamepadui_hl2.vcxproj" (Build target(s)).

Build succeeded.

Time Elapsed 00:00:09.01
