d:\sourcesdk\map-labs-master\sp\src\game\gamepadui\release_mod_hl2\vc120.pdb
d:\sourcesdk\super-duper-resource-source-engine\sp\src\game\gamepadui\release_mod_hl2\gamepadui_util.obj
d:\sourcesdk\super-duper-resource-source-engine\sp\src\game\gamepadui\release_mod_hl2\gamepadui_basepanel.obj
d:\sourcesdk\super-duper-resource-source-engine\sp\src\game\gamepadui\release_mod_hl2\gamepadui_interface.obj
d:\sourcesdk\super-duper-resource-source-engine\sp\src\game\gamepadui\release_mod_hl2\gamepadui_options.obj
d:\sourcesdk\super-duper-resource-source-engine\sp\src\game\gamepadui\release_mod_hl2\gamepadui_newgame.obj
d:\sourcesdk\super-duper-resource-source-engine\sp\src\game\gamepadui\release_mod_hl2\gamepadui_achievements.obj
d:\sourcesdk\super-duper-resource-source-engine\sp\src\game\gamepadui\release_mod_hl2\gamepadui_mainmenu.obj
d:\sourcesdk\super-duper-resource-source-engine\sp\src\game\gamepadui\release_mod_hl2\gamepadui_button.obj
d:\sourcesdk\super-duper-resource-source-engine\sp\src\game\gamepadui\release_mod_hl2\gamepadui_savegame.obj
d:\sourcesdk\super-duper-resource-source-engine\sp\src\game\gamepadui\release_mod_hl2\memoverride.obj
d:\sourcesdk\super-duper-resource-source-engine\sp\src\game\gamepadui\release_mod_hl2\language.obj
d:\sourcesdk\super-duper-resource-source-engine\sp\src\game\gamepadui\release_mod_hl2\vgui_controls.obj
d:\sourcesdk\super-duper-resource-source-engine\sp\src\game\gamepadui\release_mod_hl2\gamepadui_frame.obj
d:\sourcesdk\super-duper-resource-source-engine\sp\src\game\gamepadui\release_mod_hl2\gamepadui_genericconfirmation.obj
d:\sourcesdk\super-duper-resource-source-engine\sp\src\game\gamepadui\release_mod_hl2\vc120.pdb
d:\sourcesdk\map-labs-master\sp\src\game\gamepadui\gamepadui_hl2.vpc.sentinel
d:\sourcesdk\super-duper-resource-source-engine\sp\src\game\gamepadui\release_mod_hl2\pointeroverride.obj
d:\sourcesdk\map-labs-master\sp\src\game\gamepadui\release_mod_hl2\gamepadui.lib
d:\sourcesdk\map-labs-master\sp\src\game\gamepadui\release_mod_hl2\gamepadui.exp
d:\sourcesdk\super-duper-resource-source-engine\sp\src\game\gamepadui\release_mod_hl2\gamepadui.lib
d:\sourcesdk\super-duper-resource-source-engine\sp\src\game\gamepadui\release_mod_hl2\gamepadui.exp
d:\sourcesdk\map-labs-master\sp\src\game\gamepadui\release_mod_hl2\gamepadui.dll
d:\sourcesdk\map-labs-master\sp\src\game\gamepadui\release_mod_hl2\gamepadui.pdb
d:\sourcesdk\super-duper-resource-source-engine\sp\src\game\gamepadui\release_mod_hl2\gamepadui.dll
d:\sourcesdk\super-duper-resource-source-engine\sp\src\game\gamepadui\release_mod_hl2\gamepadui.pdb
d:\sourcesdk\super-duper-resource-source-engine\sp\src\game\gamepadui\.\release_mod_hl2\gamepadui.dll
d:\sourcesdk\super-duper-resource-source-engine\sp\src\game\gamepadui\release_mod_hl2\gamepadui (hl2).tlog\cl.command.1.tlog
d:\sourcesdk\super-duper-resource-source-engine\sp\src\game\gamepadui\release_mod_hl2\gamepadui (hl2).tlog\cl.read.1.tlog
d:\sourcesdk\super-duper-resource-source-engine\sp\src\game\gamepadui\release_mod_hl2\gamepadui (hl2).tlog\cl.write.1.tlog
d:\sourcesdk\super-duper-resource-source-engine\sp\src\game\gamepadui\release_mod_hl2\gamepadui (hl2).tlog\custombuild.command.1.tlog
d:\sourcesdk\super-duper-resource-source-engine\sp\src\game\gamepadui\release_mod_hl2\gamepadui (hl2).tlog\custombuild.read.1.tlog
d:\sourcesdk\super-duper-resource-source-engine\sp\src\game\gamepadui\release_mod_hl2\gamepadui (hl2).tlog\custombuild.write.1.tlog
d:\sourcesdk\super-duper-resource-source-engine\sp\src\game\gamepadui\release_mod_hl2\gamepadui (hl2).tlog\gamepadui (hl2).write.1u.tlog
d:\sourcesdk\super-duper-resource-source-engine\sp\src\game\gamepadui\release_mod_hl2\gamepadui (hl2).tlog\link.command.1.tlog
d:\sourcesdk\super-duper-resource-source-engine\sp\src\game\gamepadui\release_mod_hl2\gamepadui (hl2).tlog\link.read.1.tlog
d:\sourcesdk\super-duper-resource-source-engine\sp\src\game\gamepadui\release_mod_hl2\gamepadui (hl2).tlog\link.write.1.tlog
