Build started 12/26/2023 8:57:00 PM.
     1>Project "D:\sourcesdk\Map-Labs-master\sp\src\mdlobjects\mdlobjects.vcxproj" on node 4 (Build target(s)).
     1>PreBuildEvent:
         if EXIST ..\lib\public\.\mdlobjects.lib ( for /f "delims=" %%A in ('attrib "..\lib\public\.\mdlobjects.lib"') do set valveTmpIsReadOnly="%%A"
         ) else ( if not EXIST ..\lib\public\. mkdir ..\lib\public\. )
         set valveTmpIsReadOnlyLetter=%valveTmpIsReadOnly:~6,1%
         if "%valveTmpIsReadOnlyLetter%"=="R" (
             attrib -r ..\lib\public\.\mdlobjects.lib
             ..\devtools\bin\gnu\touch.exe -d "1999-01-01" ..\lib\public\.\mdlobjects.lib
             attrib +r ..\lib\public\.\mdlobjects.lib
         )
         if exist "..\devtools\bin\vpc.exe" "..\devtools\bin\vpc.exe" -crc2 "mdlobjects.vcxproj"
         if ERRORLEVEL 1 exit /b 1
         
         :VCEnd
       Lib:
         C:\Program Files (x86)\Microsoft Visual Studio 12.0\VC\bin\Lib.exe /OUT:"..\lib\public\.\mdlobjects.lib" /NOLOGO  /ignore:4221 .\Release\.\/dmeblankbodypart.obj
         .\Release\.\/dmebodygroup.obj
         .\Release\.\/dmebodygrouplist.obj
         .\Release\.\/dmebodypart.obj
         .\Release\.\/dmeboneflexdriver.obj
         .\Release\.\/dmebonemask.obj
         .\Release\.\/dmebonemasklist.obj
         .\Release\.\/dmeboneweight.obj
         .\Release\.\/dmecollisionmodel.obj
         .\Release\.\/dmehitbox.obj
         .\Release\.\/dmehitboxset.obj
         .\Release\.\/dmelod.obj
         .\Release\.\/dmelodlist.obj
         .\Release\.\/dmemdllist.obj
         .\Release\.\/dmesequence.obj
         .\Release\.\/dmesequencelist.obj
         mdlobjects.vcxproj -> D:\sourcesdk\Map-Labs-master\sp\src\mdlobjects\..\lib\public\.\mdlobjects.lib
     1>Done Building Project "D:\sourcesdk\Map-Labs-master\sp\src\mdlobjects\mdlobjects.vcxproj" (Build target(s)).

Build succeeded.

Time Elapsed 00:00:01.72
