Build started 12/21/2023 11:02:57 PM.
     1>Project "D:\sourcesdk\Map-Labs-master\sp\src\utils\vrad_launcher\vrad_launcher.vcxproj" on node 2 (Build target(s)).
     1>PreBuildEvent:
         if EXIST ..\..\..\game\bin\.\vrad.exe for /f "delims=" %%A in ('attrib "..\..\..\game\bin\.\vrad.exe"') do set valveTmpIsReadOnly="%%A"
         set valveTmpIsReadOnlyLetter=%valveTmpIsReadOnly:~6,1%
         if "%valveTmpIsReadOnlyLetter%"=="R" del /q "D:\sourcesdk\Map-Labs-master\sp\src\utils\vrad_launcher\Release\"vrad.exe
         if exist "..\..\devtools\bin\vpc.exe" "..\..\devtools\bin\vpc.exe" -crc2 "vrad_launcher.vcxproj"
         if ERRORLEVEL 1 exit /b 1
         
         :VCEnd
       Link:
         C:\Program Files (x86)\Microsoft Visual Studio 12.0\VC\bin\link.exe /ERRORREPORT:PROMPT /OUT:".\Release\.\\vrad.exe" /INCREMENTAL:NO /NOLOGO shell32.lib user32.lib advapi32.lib gdi32.lib comdlg32.lib ole32.lib /NODEFAULTLIB:libc /NODEFAULTLIB:libcd /NODEFAULTLIB:libcmtd /MANIFEST /MANIFESTUAC:"level='asInvoker' uiAccess='false'" /manifest:embed /DEBUG /PDB:".\Release\.\/vrad.pdb" /SUBSYSTEM:CONSOLE,"5.01" /OPT:REF /OPT:NOICF /TLBID:1 /DYNAMICBASE:NO /NXCOMPAT /IMPLIB:".\Release\.\vrad.lib" /MACHINE:X86 /SAFESEH:NO /NXCOMPAT /ignore:4221 .\Release\.\\pointeroverride.obj
         .\Release\.\/StdAfx.obj
         .\Release\.\/vrad_launcher.obj
         ..\..\lib\public\tier0.lib
         ..\..\lib\public\tier1.lib
         ..\..\lib\public\vstdlib.lib
            Creating library .\Release\.\vrad.lib and object .\Release\.\vrad.exp
         vrad_launcher.vcxproj -> D:\sourcesdk\Map-Labs-master\sp\src\utils\vrad_launcher\.\Release\.\vrad.exe
       PostBuildEvent:
         copy "D:\sourcesdk\Map-Labs-master\sp\src\utils\vrad_launcher\Release\"vrad.exe ..\..\..\game\bin\.\vrad.exe >nul
         if ERRORLEVEL 1 goto BuildEventFailed
         if exist "D:\sourcesdk\Map-Labs-master\sp\src\utils\vrad_launcher\Release\"vrad.map copy "D:\sourcesdk\Map-Labs-master\sp\src\utils\vrad_launcher\Release\"vrad.map ..\..\..\game\bin\.\vrad.map >nul
         copy "D:\sourcesdk\Map-Labs-master\sp\src\utils\vrad_launcher\Release\"vrad.pdb ..\..\..\game\bin\.\vrad.pdb >nul
         if ERRORLEVEL 1 goto BuildEventFailed
         goto BuildEventOK
         :BuildEventFailed
         echo *** ERROR! PostBuildStep FAILED for Vrad_launcher! EXE or DLL is probably running. ***
         del /q "D:\sourcesdk\Map-Labs-master\sp\src\utils\vrad_launcher\Release\"vrad.exe
         exit 1
         :BuildEventOK
         
         :VCEnd
     1>Done Building Project "D:\sourcesdk\Map-Labs-master\sp\src\utils\vrad_launcher\vrad_launcher.vcxproj" (Build target(s)).

Build succeeded.

Time Elapsed 00:00:02.02
