Build started 12/23/2023 5:37:53 PM.
     1>Project "D:\sourcesdk\Map-Labs-master\sp\src\launcher_main\launcher_main.vcxproj" on node 9 (Build target(s)).
     1>PreBuildEvent:
         if EXIST ..\..\game\.\hl2.exe for /f "delims=" %%A in ('attrib "..\..\game\.\hl2.exe"') do set valveTmpIsReadOnly="%%A"
         set valveTmpIsReadOnlyLetter=%valveTmpIsReadOnly:~6,1%
         if "%valveTmpIsReadOnlyLetter%"=="R" del /q "D:\sourcesdk\Map-Labs-master\sp\src\launcher_main\Debug\"default.exe
         if exist "..\devtools\bin\vpc.exe" "..\devtools\bin\vpc.exe" -crc2 "launcher_main.vcxproj"
         if ERRORLEVEL 1 exit /b 1
         :VCEnd
       Link:
         C:\Program Files (x86)\Microsoft Visual Studio 12.0\VC\bin\link.exe /ERRORREPORT:PROMPT /OUT:".\Debug\.\\default.exe" /INCREMENTAL /NOLOGO shell32.lib user32.lib advapi32.lib gdi32.lib comdlg32.lib ole32.lib /NODEFAULTLIB:libc /NODEFAULTLIB:libcd /NODEFAULTLIB:libcmt /MANIFEST /MANIFESTUAC:"level='asInvoker' uiAccess='false'" /manifest:embed /DEBUG /PDB:".\Debug\.\/default.pdb" /SUBSYSTEM:WINDOWS,"5.01" /LARGEADDRESSAWARE /TLBID:1 /DYNAMICBASE:NO /FIXED:NO /NXCOMPAT /IMPLIB:".\Debug\.\default.lib" /MACHINE:X86 /SAFESEH:NO /NXCOMPAT /ignore:4221 .\Debug\.\\pointeroverride.obj
         .\Debug\.\launcher_main.res
         .\Debug\.\/main.obj
            Creating library .\Debug\.\default.lib and object .\Debug\.\default.exp
         launcher_main.vcxproj -> D:\sourcesdk\Map-Labs-master\sp\src\launcher_main\.\Debug\.\default.exe
       PostBuildEvent:
         copy D:\sourcesdk\Map-Labs-master\sp\src\launcher_main\.\Debug\.\default.exe ..\..\game\.\hl2.exe
         if ERRORLEVEL 1 goto BuildEventFailed
         copy D:\sourcesdk\Map-Labs-master\sp\src\launcher_main\Debug\\default.pdb ..\..\game\.\default.pdb
         if ERRORLEVEL 1 goto BuildEventFailed
         if exist D:\sourcesdk\Map-Labs-master\sp\src\launcher_main\Debug\default.map copy D:\sourcesdk\Map-Labs-master\sp\src\launcher_main\Debug\default.map ..\..\game\.\hl2.map
         goto BuildEventOK
         :BuildEventFailed
         echo *** ERROR! PostBuildStep FAILED for launcher_main! EXE or DLL is probably running. ***
         del /q D:\sourcesdk\Map-Labs-master\sp\src\launcher_main\.\Debug\.\default.exe
         exit 1
         :BuildEventOK
         
         :VCEnd
                 1 file(s) copied.
                 1 file(s) copied.
     1>Done Building Project "D:\sourcesdk\Map-Labs-master\sp\src\launcher_main\launcher_main.vcxproj" (Build target(s)).

Build succeeded.

Time Elapsed 00:00:16.05
