Build started 12/23/2023 6:12:57 PM.
     1>Project "D:\sourcesdk\Map-Labs-master\sp\src\vscript\vscript.vcxproj" on node 4 (Rebuild target(s)).
     1>PreBuildEvent:
         if EXIST ..\lib\public\.\vscript.lib ( for /f "delims=" %%A in ('attrib "..\lib\public\.\vscript.lib"') do set valveTmpIsReadOnly="%%A"
         ) else ( if not EXIST ..\lib\public\. mkdir ..\lib\public\. )
         set valveTmpIsReadOnlyLetter=%valveTmpIsReadOnly:~6,1%
         if "%valveTmpIsReadOnlyLetter%"=="R" (
             attrib -r ..\lib\public\.\vscript.lib
             ..\devtools\bin\gnu\touch.exe -d "1999-01-01" ..\lib\public\.\vscript.lib
             attrib +r ..\lib\public\.\vscript.lib
         )
         if exist "..\devtools\bin\vpc.exe" "..\devtools\bin\vpc.exe" -crc2 "vscript.vcxproj"
         if ERRORLEVEL 1 exit /b 1
         
         :VCEnd
       CustomBuild:
         Running VPC CRC Check - vscript.vpc
       ClCompile:
         C:\Program Files (x86)\Microsoft Visual Studio 12.0\VC\bin\CL.exe /c /I..\common /I..\public /I..\public\tier0 /I..\public\tier1 /I.\squirrel\include /Z7 /nologo /W4 /WX /MP /O2 /Ob2 /Oi /Ot /Oy- /D VPC /D RAD_TELEMETRY_DISABLED /D MAPBASE /D WIN32 /D _WIN32 /D NDEBUG /D _LIB /D _CRT_SECURE_NO_DEPRECATE /D _CRT_NONSTDC_NO_DEPRECATE /D _ALLOW_RUNTIME_LIBRARY_MISMATCH /D _ALLOW_ITERATOR_DEBUG_LEVEL_MISMATCH /D _ALLOW_MSC_VER_MISMATCH /D _USING_V110_SDK71_ /D _MBCS /D COMPILER_MSVC32 /D COMPILER_MSVC32 /D COMPILER_MSVC /D _DLL_EXT=.dll /D LIBNAME=vscript /D BINK_VIDEO /D AVI_VIDEO /D WMV_VIDEO /D DEV_BUILD /D FRAME_POINTER_OMISSION_DISABLED /D MAPBASE_VSCRIPT /D _EXTERNAL_DLL_EXT=.dll /D VPCGAMECAPS=VALVE /D "PROJECTDIR=D:\sourcesdk\Map-Labs-master\sp\src\vscript" /D _DLL_EXT=.dll /D VPCGAME=valve /D SOURCE1=1 /GF /Gm- /MT /GS /Gy /arch:SSE /fp:fast /Zc:wchar_t /Zc:forScope /GR /openmp- /Fo".\Release\.\/" /Fd".\Release\.\/vc120.pdb" /Gd /TP /wd4316 /analyze- /FC /errorReport:prompt /d2Zi+ /Gw vscript.cpp vscript_bindings_base.cpp vscript_bindings_math.cpp vscript_squirrel.cpp
         vscript.cpp
         vscript_bindings_base.cpp
         vscript_bindings_math.cpp
         vscript_squirrel.cpp
         C:\Program Files (x86)\Microsoft Visual Studio 12.0\VC\bin\CL.exe /c /I..\common /I..\public /I..\public\tier0 /I..\public\tier1 /I.\squirrel\include /Z7 /nologo /W4 /WX- /MP /O2 /Ob2 /Oi /Ot /Oy- /D VPC /D RAD_TELEMETRY_DISABLED /D MAPBASE /D WIN32 /D _WIN32 /D NDEBUG /D _LIB /D _CRT_SECURE_NO_DEPRECATE /D _CRT_NONSTDC_NO_DEPRECATE /D _ALLOW_RUNTIME_LIBRARY_MISMATCH /D _ALLOW_ITERATOR_DEBUG_LEVEL_MISMATCH /D _ALLOW_MSC_VER_MISMATCH /D _USING_V110_SDK71_ /D _MBCS /D COMPILER_MSVC32 /D COMPILER_MSVC32 /D COMPILER_MSVC /D _DLL_EXT=.dll /D LIBNAME=vscript /D BINK_VIDEO /D AVI_VIDEO /D WMV_VIDEO /D DEV_BUILD /D FRAME_POINTER_OMISSION_DISABLED /D MAPBASE_VSCRIPT /D _EXTERNAL_DLL_EXT=.dll /D VPCGAMECAPS=VALVE /D "PROJECTDIR=D:\sourcesdk\Map-Labs-master\sp\src\vscript" /D _DLL_EXT=.dll /D VPCGAME=valve /D SOURCE1=1 /GF /Gm- /MT /GS /Gy /arch:SSE /fp:fast /Zc:wchar_t /Zc:forScope /GR /openmp- /Fo".\Release\.\/" /Fd".\Release\.\/vc120.pdb" /Gd /TP /wd4316 /analyze- /FC /errorReport:prompt /d2Zi+ /Gw /wd4100 /wd4611 /wd4127 /wd4244 /wd4702 /wd4706 /wd4800 squirrel\squirrel\sqapi.cpp squirrel\squirrel\sqbaselib.cpp squirrel\squirrel\sqclass.cpp squirrel\squirrel\sqcompiler.cpp squirrel\squirrel\sqdebug.cpp squirrel\squirrel\sqfuncstate.cpp squirrel\squirrel\sqlexer.cpp squirrel\squirrel\sqmem.cpp squirrel\squirrel\sqobject.cpp squirrel\squirrel\sqstate.cpp squirrel\sqstdlib\sqstdaux.cpp squirrel\sqstdlib\sqstdblob.cpp squirrel\sqstdlib\sqstdio.cpp squirrel\sqstdlib\sqstdmath.cpp squirrel\sqstdlib\sqstdrex.cpp squirrel\sqstdlib\sqstdstream.cpp squirrel\sqstdlib\sqstdstring.cpp squirrel\sqstdlib\sqstdsystem.cpp squirrel\squirrel\sqtable.cpp squirrel\squirrel\sqvm.cpp
         sqapi.cpp
         sqbaselib.cpp
         sqclass.cpp
         sqcompiler.cpp
         sqdebug.cpp
         sqfuncstate.cpp
         sqlexer.cpp
         sqmem.cpp
         sqobject.cpp
         sqstate.cpp
         sqstdaux.cpp
         sqstdblob.cpp
         sqstdio.cpp
         sqstdmath.cpp
         sqstdrex.cpp
         sqstdstream.cpp
         sqstdstring.cpp
         sqstdsystem.cpp
         sqtable.cpp
         sqvm.cpp
       Lib:
         C:\Program Files (x86)\Microsoft Visual Studio 12.0\VC\bin\Lib.exe /OUT:"..\lib\public\.\vscript.lib" /NOLOGO  /ignore:4221 .\Release\.\/vscript.obj
         .\Release\.\/vscript_bindings_base.obj
         .\Release\.\/vscript_bindings_math.obj
         .\Release\.\/vscript_squirrel.obj
         .\Release\.\/sqapi.obj
         .\Release\.\/sqbaselib.obj
         .\Release\.\/sqclass.obj
         .\Release\.\/sqcompiler.obj
         .\Release\.\/sqdebug.obj
         .\Release\.\/sqfuncstate.obj
         .\Release\.\/sqlexer.obj
         .\Release\.\/sqmem.obj
         .\Release\.\/sqobject.obj
         .\Release\.\/sqstate.obj
         .\Release\.\/sqstdaux.obj
         .\Release\.\/sqstdblob.obj
         .\Release\.\/sqstdio.obj
         .\Release\.\/sqstdmath.obj
         .\Release\.\/sqstdrex.obj
         .\Release\.\/sqstdstream.obj
         .\Release\.\/sqstdstring.obj
         .\Release\.\/sqstdsystem.obj
         .\Release\.\/sqtable.obj
         .\Release\.\/sqvm.obj
         vscript.vcxproj -> D:\sourcesdk\Map-Labs-master\sp\src\vscript\..\lib\public\.\vscript.lib
     1>Done Building Project "D:\sourcesdk\Map-Labs-master\sp\src\vscript\vscript.vcxproj" (Rebuild target(s)).

Build succeeded.

Time Elapsed 00:00:13.85
