Build started 12/23/2023 5:37:53 PM.
     1>Project "D:\sourcesdk\Map-Labs-master\sp\src\vscript\vscript.vcxproj" on node 6 (Build target(s)).
     1>PreBuildEvent:
         if EXIST ..\lib\public\.\vscript.lib ( for /f "delims=" %%A in ('attrib "..\lib\public\.\vscript.lib"') do set valveTmpIsReadOnly="%%A"
         ) else ( if not EXIST ..\lib\public\. mkdir ..\lib\public\. )
         set valveTmpIsReadOnlyLetter=%valveTmpIsReadOnly:~6,1%
         if "%valveTmpIsReadOnlyLetter%"=="R" (
             attrib -r ..\lib\public\.\vscript.lib
             ..\devtools\bin\gnu\touch.exe -d "1999-01-01" ..\lib\public\.\vscript.lib
             attrib +r ..\lib\public\.\vscript.lib
         )
         if exist "..\devtools\bin\vpc.exe" "..\devtools\bin\vpc.exe" -crc2 "vscript.vcxproj"
         if ERRORLEVEL 1 exit /b 1
         
         :VCEnd
       ClCompile:
         C:\Program Files (x86)\Microsoft Visual Studio 12.0\VC\bin\CL.exe /c /I..\common /I..\public /I..\public\tier0 /I..\public\tier1 /I.\squirrel\include /ZI /nologo /W4 /WX /MP /Od /Oy- /D VPC /D RAD_TELEMETRY_DISABLED /D MAPBASE /D _HAS_ITERATOR_DEBUGGING=0 /D WIN32 /D _WIN32 /D _DEBUG /D DEBUG /D _LIB /D _CRT_SECURE_NO_DEPRECATE /D _CRT_NONSTDC_NO_DEPRECATE /D _ALLOW_RUNTIME_LIBRARY_MISMATCH /D _ALLOW_ITERATOR_DEBUG_LEVEL_MISMATCH /D _ALLOW_MSC_VER_MISMATCH /D _USING_V110_SDK71_ /D _MBCS /D COMPILER_MSVC32 /D COMPILER_MSVC32 /D COMPILER_MSVC /D _DLL_EXT=.dll /D LIBNAME=vscript /D BINK_VIDEO /D AVI_VIDEO /D WMV_VIDEO /D DEV_BUILD /D FRAME_POINTER_OMISSION_DISABLED /D MAPBASE_VSCRIPT /D _EXTERNAL_DLL_EXT=.dll /D VPCGAMECAPS=VALVE /D "PROJECTDIR=D:\sourcesdk\Map-Labs-master\sp\src\vscript" /D _DLL_EXT=.dll /D VPCGAME=valve /D SOURCE1=1 /GF /Gm- /MTd /GS /arch:SSE /fp:fast /Zc:wchar_t /Zc:forScope /GR /openmp- /Fo".\Debug\.\/" /Fd".\Debug\.\/vc120.pdb" /Gd /TP /wd4316 /analyze- /FC /errorReport:prompt  /Gw vscript.cpp vscript_bindings_base.cpp vscript_bindings_math.cpp vscript_squirrel.cpp
         vscript.cpp
         vscript_bindings_base.cpp
         vscript_bindings_math.cpp
         vscript_squirrel.cpp
       Lib:
         C:\Program Files (x86)\Microsoft Visual Studio 12.0\VC\bin\Lib.exe /OUT:"..\lib\public\.\vscript.lib" /NOLOGO  /ignore:4221 .\Debug\.\/vscript.obj
         .\Debug\.\/vscript_bindings_base.obj
         .\Debug\.\/vscript_bindings_math.obj
         .\Debug\.\/vscript_squirrel.obj
         .\Debug\.\/sqapi.obj
         .\Debug\.\/sqbaselib.obj
         .\Debug\.\/sqclass.obj
         .\Debug\.\/sqcompiler.obj
         .\Debug\.\/sqdebug.obj
         .\Debug\.\/sqfuncstate.obj
         .\Debug\.\/sqlexer.obj
         .\Debug\.\/sqmem.obj
         .\Debug\.\/sqobject.obj
         .\Debug\.\/sqstate.obj
         .\Debug\.\/sqstdaux.obj
         .\Debug\.\/sqstdblob.obj
         .\Debug\.\/sqstdio.obj
         .\Debug\.\/sqstdmath.obj
         .\Debug\.\/sqstdrex.obj
         .\Debug\.\/sqstdstream.obj
         .\Debug\.\/sqstdstring.obj
         .\Debug\.\/sqstdsystem.obj
         .\Debug\.\/sqtable.obj
         .\Debug\.\/sqvm.obj
         vscript.vcxproj -> D:\sourcesdk\Map-Labs-master\sp\src\vscript\..\lib\public\.\vscript.lib
     1>Done Building Project "D:\sourcesdk\Map-Labs-master\sp\src\vscript\vscript.vcxproj" (Build target(s)).

Build succeeded.

Time Elapsed 00:00:08.98
