Build started 12/21/2023 11:03:02 PM.
     1>Project "D:\sourcesdk\Map-Labs-master\sp\src\utils\vvis_launcher\vvis_launcher.vcxproj" on node 10 (Build target(s)).
     1>PreBuildEvent:
         if EXIST ..\..\..\game\bin\.\vvis.exe for /f "delims=" %%A in ('attrib "..\..\..\game\bin\.\vvis.exe"') do set valveTmpIsReadOnly="%%A"
         set valveTmpIsReadOnlyLetter=%valveTmpIsReadOnly:~6,1%
         if "%valveTmpIsReadOnlyLetter%"=="R" del /q "D:\sourcesdk\Map-Labs-master\sp\src\utils\vvis_launcher\Release\"vvis.exe
         if exist "..\..\devtools\bin\vpc.exe" "..\..\devtools\bin\vpc.exe" -crc2 "vvis_launcher.vcxproj"
         if ERRORLEVEL 1 exit /b 1
         
         :VCEnd
       Link:
         C:\Program Files (x86)\Microsoft Visual Studio 12.0\VC\bin\link.exe /ERRORREPORT:PROMPT /OUT:".\Release\.\\vvis.exe" /INCREMENTAL:NO /NOLOGO shell32.lib user32.lib advapi32.lib gdi32.lib comdlg32.lib ole32.lib /NODEFAULTLIB:libc /NODEFAULTLIB:libcd /NODEFAULTLIB:libcmtd /MANIFEST /MANIFESTUAC:"level='asInvoker' uiAccess='false'" /manifest:embed /DEBUG /PDB:".\Release\.\/vvis.pdb" /SUBSYSTEM:CONSOLE,"5.01" /OPT:REF /OPT:NOICF /TLBID:1 /DYNAMICBASE:NO /NXCOMPAT /IMPLIB:".\Release\.\vvis.lib" /MACHINE:X86 /SAFESEH:NO /NXCOMPAT /ignore:4221 .\Release\.\\pointeroverride.obj
         .\Release\.\/memoverride.obj
         .\Release\.\/StdAfx.obj
         .\Release\.\/vvis_launcher.obj
         ..\..\lib\public\tier0.lib
         ..\..\lib\public\tier1.lib
         ..\..\lib\public\vstdlib.lib
            Creating library .\Release\.\vvis.lib and object .\Release\.\vvis.exp
         vvis_launcher.vcxproj -> D:\sourcesdk\Map-Labs-master\sp\src\utils\vvis_launcher\.\Release\.\vvis.exe
       PostBuildEvent:
         copy "D:\sourcesdk\Map-Labs-master\sp\src\utils\vvis_launcher\Release\"vvis.exe ..\..\..\game\bin\.\vvis.exe >nul
         if ERRORLEVEL 1 goto BuildEventFailed
         if exist "D:\sourcesdk\Map-Labs-master\sp\src\utils\vvis_launcher\Release\"vvis.map copy "D:\sourcesdk\Map-Labs-master\sp\src\utils\vvis_launcher\Release\"vvis.map ..\..\..\game\bin\.\vvis.map >nul
         copy "D:\sourcesdk\Map-Labs-master\sp\src\utils\vvis_launcher\Release\"vvis.pdb ..\..\..\game\bin\.\vvis.pdb >nul
         if ERRORLEVEL 1 goto BuildEventFailed
         goto BuildEventOK
         :BuildEventFailed
         echo *** ERROR! PostBuildStep FAILED for Vvis_launcher! EXE or DLL is probably running. ***
         del /q "D:\sourcesdk\Map-Labs-master\sp\src\utils\vvis_launcher\Release\"vvis.exe
         exit 1
         :BuildEventOK
         
         :VCEnd
     1>Done Building Project "D:\sourcesdk\Map-Labs-master\sp\src\utils\vvis_launcher\vvis_launcher.vcxproj" (Build target(s)).

Build succeeded.

Time Elapsed 00:00:01.91
