Build started 12/26/2023 8:57:00 PM.
     1>Project "D:\sourcesdk\Map-Labs-master\sp\src\appframework\appframework.vcxproj" on node 2 (Build target(s)).
     1>PreBuildEvent:
         if EXIST ..\lib\public\.\appframework.lib ( for /f "delims=" %%A in ('attrib "..\lib\public\.\appframework.lib"') do set valveTmpIsReadOnly="%%A"
         ) else ( if not EXIST ..\lib\public\. mkdir ..\lib\public\. )
         set valveTmpIsReadOnlyLetter=%valveTmpIsReadOnly:~6,1%
         if "%valveTmpIsReadOnlyLetter%"=="R" (
             attrib -r ..\lib\public\.\appframework.lib
             ..\devtools\bin\gnu\touch.exe -d "1999-01-01" ..\lib\public\.\appframework.lib
             attrib +r ..\lib\public\.\appframework.lib
         )
         if exist "..\devtools\bin\vpc.exe" "..\devtools\bin\vpc.exe" -crc2 "appframework.vcxproj"
         if ERRORLEVEL 1 exit /b 1
         
         :VCEnd
       Lib:
         C:\Program Files (x86)\Microsoft Visual Studio 12.0\VC\bin\Lib.exe /OUT:"..\lib\public\.\appframework.lib" /NOLOGO  /ignore:4221 .\Release\.\/AppSystemGroup.obj
         .\Release\.\/filesystem_init.obj
         .\Release\.\/vguimatsysapp.obj
         .\Release\.\/winapp.obj
         appframework.vcxproj -> D:\sourcesdk\Map-Labs-master\sp\src\appframework\..\lib\public\.\appframework.lib
     1>Done Building Project "D:\sourcesdk\Map-Labs-master\sp\src\appframework\appframework.vcxproj" (Build target(s)).

Build succeeded.

Time Elapsed 00:00:01.23
