Build started 12/23/2023 5:38:05 PM.
     1>Project "D:\sourcesdk\Map-Labs-master\sp\src\soundemittersystem\soundemittersystem.vcxproj" on node 5 (Build target(s)).
     1>PreBuildEvent:
         if EXIST ..\..\game\bin\.\soundemittersystem.dll for /f "delims=" %%A in ('attrib "..\..\game\bin\.\soundemittersystem.dll"') do set valveTmpIsReadOnly="%%A"
         set valveTmpIsReadOnlyLetter=%valveTmpIsReadOnly:~6,1%
         if "%valveTmpIsReadOnlyLetter%"=="R" del /q "D:\sourcesdk\Map-Labs-master\sp\src\soundemittersystem\Debug\"soundemittersystem.dll
         if exist "..\devtools\bin\vpc.exe" "..\devtools\bin\vpc.exe" -crc2 "soundemittersystem.vcxproj"
         if ERRORLEVEL 1 exit /b 1
         
         :VCEnd
       CustomBuild:
         Compiling pointeroverride.asm
          Assembling: D:\sourcesdk\Map-Labs-master\sp\src\public\tier0\pointeroverride.asm
         Microsoft (R) Macro Assembler Version 12.00.40629.0
         Copyright (C) Microsoft Corporation.  All rights reserved.
         
         Running VPC CRC Check - soundemittersystem.vpc
       ClCompile:
         C:\Program Files (x86)\Microsoft Visual Studio 12.0\VC\bin\CL.exe /c /I.\ /I..\common /I..\public /I..\public\tier0 /I..\public\tier1 /I..\game\shared /ZI /nologo /W4 /WX /MP /Od /Oy- /D VPC /D RAD_TELEMETRY_DISABLED /D MAPBASE /D _HAS_ITERATOR_DEBUGGING=0 /D WIN32 /D _WIN32 /D _DEBUG /D DEBUG /D _WINDOWS /D _USRDLL /D _CRT_SECURE_NO_DEPRECATE /D _CRT_NONSTDC_NO_DEPRECATE /D _ALLOW_RUNTIME_LIBRARY_MISMATCH /D _ALLOW_ITERATOR_DEBUG_LEVEL_MISMATCH /D _ALLOW_MSC_VER_MISMATCH /D _USING_V110_SDK71_ /D _WINDLL /D _MBCS /D COMPILER_MSVC32 /D COMPILER_MSVC32 /D COMPILER_MSVC /D _DLL_EXT=.dll /D DLLNAME=soundemittersystem /D BINK_VIDEO /D AVI_VIDEO /D WMV_VIDEO /D DEV_BUILD /D FRAME_POINTER_OMISSION_DISABLED /D SOUNDEMITTERSYSTEM_EXPORTS /D _WINDOWS /D PROTECTED_THINGS_ENABLE /D fopen=dont_use_fopen /D _EXTERNAL_DLL_EXT=.dll /D VPCGAMECAPS=VALVE /D "PROJECTDIR=D:\sourcesdk\Map-Labs-master\sp\src\soundemittersystem" /D _DLL_EXT=.dll /D SOURCE1=1 /D VPCGAME=valve /GF /Gm- /MTd /GS /arch:SSE /fp:fast /Zc:wchar_t /Zc:forScope /GR /Fo".\Debug\.\/" /Fd".\Debug\.\/vc120.pdb" /Gd /TP /wd4316 /analyze- /FC /errorReport:prompt /Zm200 /Gw ..\game\shared\interval.cpp ..\public\tier0\memoverride.cpp soundemittersystembase.cpp ..\public\SoundParametersInternal.cpp
         interval.cpp
         memoverride.cpp
         soundemittersystembase.cpp
         SoundParametersInternal.cpp
       Link:
         C:\Program Files (x86)\Microsoft Visual Studio 12.0\VC\bin\link.exe /ERRORREPORT:PROMPT /OUT:".\Debug\.\\soundemittersystem.dll" /INCREMENTAL /NOLOGO /LIBPATH:..\lib\common\. /LIBPATH:..\lib\public\. shell32.lib user32.lib advapi32.lib gdi32.lib comdlg32.lib ole32.lib /NODEFAULTLIB:libc /NODEFAULTLIB:libcd /NODEFAULTLIB:libcmt /MANIFEST:NO /DEBUG /PDB:".\Debug\.\/soundemittersystem.pdb" /SUBSYSTEM:WINDOWS,"5.01" /TLBID:1 /DYNAMICBASE:NO /NXCOMPAT /IMPLIB:".\Debug\.\soundemittersystem.lib" /MACHINE:X86 /SAFESEH:NO  /ignore:4221 /DLL .\Debug\.\\pointeroverride.obj
         .\Debug\.\/interval.obj
         .\Debug\.\/memoverride.obj
         .\Debug\.\/soundemittersystembase.obj
         .\Debug\.\/SoundParametersInternal.obj
         ..\lib\public\tier0.lib
         ..\lib\public\tier1.lib
         ..\lib\public\vstdlib.lib
            Creating library .\Debug\.\soundemittersystem.lib and object .\Debug\.\soundemittersystem.exp
         soundemittersystem.vcxproj -> D:\sourcesdk\Map-Labs-master\sp\src\soundemittersystem\.\Debug\.\soundemittersystem.dll
       PostBuildEvent:
         if not exist "..\..\game\bin\." mkdir "..\..\game\bin\."
         copy "D:\sourcesdk\Map-Labs-master\sp\src\soundemittersystem\Debug\soundemittersystem.dll" "..\..\game\bin\.\soundemittersystem.dll"
         if ERRORLEVEL 1 goto BuildEventFailed
         if exist "D:\sourcesdk\Map-Labs-master\sp\src\soundemittersystem\Debug\soundemittersystem.map" copy "D:\sourcesdk\Map-Labs-master\sp\src\soundemittersystem\Debug\soundemittersystem.map" ..\..\game\bin\.\soundemittersystem.map
         copy "D:\sourcesdk\Map-Labs-master\sp\src\soundemittersystem\Debug\soundemittersystem.pdb" "..\..\game\bin\.\soundemittersystem.pdb"
         if ERRORLEVEL 1 goto BuildEventFailed
         goto BuildEventOK
         :BuildEventFailed
         echo *** ERROR! PostBuildStep FAILED for SoundEmitterSystem! EXE or DLL is probably running. ***
         del /q "D:\sourcesdk\Map-Labs-master\sp\src\soundemittersystem\Debug\soundemittersystem.dll"
         exit 1
         :BuildEventOK
         
         :VCEnd
                 1 file(s) copied.
                 1 file(s) copied.
     1>Done Building Project "D:\sourcesdk\Map-Labs-master\sp\src\soundemittersystem\soundemittersystem.vcxproj" (Build target(s)).

Build succeeded.

Time Elapsed 00:00:06.92
