Build started 1/17/2024 7:08:53 PM.
     1>Project "D:\sourcesdk\super-duper-resource-source-engine\sp\src\game\gamepadui\gamepadui_episodic.vcxproj" on node 11 (Build target(s)).
     1>PreBuildEvent:
         if EXIST ..\..\..\game\mod_episodic\bin\.\gamepadui.dll for /f "delims=" %%A in ('attrib "..\..\..\game\mod_episodic\bin\.\gamepadui.dll"') do set valveTmpIsReadOnly="%%A"
         set valveTmpIsReadOnlyLetter=%valveTmpIsReadOnly:~6,1%
         if "%valveTmpIsReadOnlyLetter%"=="R" del /q "D:\sourcesdk\super-duper-resource-source-engine\sp\src\game\gamepadui\Release_mod_episodic\"gamepadui.dll
         if exist "..\..\devtools\bin\vpc.exe" "..\..\devtools\bin\vpc.exe" -crc2 "gamepadui_episodic.vcxproj"
         if ERRORLEVEL 1 exit /b 1
         
         :VCEnd
       Link:
         C:\Program Files (x86)\Microsoft Visual Studio 12.0\VC\bin\link.exe /ERRORREPORT:PROMPT /OUT:".\Release_mod_episodic\\gamepadui.dll" /INCREMENTAL:NO /NOLOGO /LIBPATH:..\..\lib\common\. /LIBPATH:..\..\lib\public\. shell32.lib user32.lib advapi32.lib gdi32.lib comdlg32.lib ole32.lib winmm.lib /NODEFAULTLIB:libc /NODEFAULTLIB:libcd /NODEFAULTLIB:libcmtd /MANIFEST:NO /DEBUG /PDB:".\Release_mod_episodic\/gamepadui.pdb" /SUBSYSTEM:WINDOWS,"5.01" /OPT:REF /OPT:NOICF /TLBID:1 /DYNAMICBASE:NO /NXCOMPAT /MACHINE:X86 /SAFESEH:NO  /ignore:4221 /DLL .\Release_mod_episodic\\pointeroverride.obj
         .\Release_mod_episodic\/gamepadui_achievements.obj
         .\Release_mod_episodic\/gamepadui_basepanel.obj
         .\Release_mod_episodic\/gamepadui_button.obj
         .\Release_mod_episodic\/gamepadui_frame.obj
         .\Release_mod_episodic\/gamepadui_genericconfirmation.obj
         .\Release_mod_episodic\/gamepadui_interface.obj
         .\Release_mod_episodic\/gamepadui_mainmenu.obj
         .\Release_mod_episodic\/gamepadui_newgame.obj
         .\Release_mod_episodic\/gamepadui_options.obj
         .\Release_mod_episodic\/gamepadui_savegame.obj
         .\Release_mod_episodic\/gamepadui_util.obj
         .\Release_mod_episodic\/memoverride.obj
         .\Release_mod_episodic\/language.obj
         .\Release_mod_episodic\/vgui_controls.obj
         ..\..\lib\public\bitmap.lib
         ..\..\lib\public\choreoobjects.lib
         ..\..\lib\common\libcurl.lib
         ..\..\lib\public\libz.lib
         ..\..\lib\public\mathlib.lib
         ..\..\lib\public\matsys_controls.lib
         ..\..\lib\public\tier0.lib
         ..\..\lib\public\tier1.lib
         ..\..\lib\public\tier2.lib
         ..\..\lib\public\tier3.lib
         ..\..\lib\public\vgui_controls.lib
         ..\..\lib\public\vstdlib.lib
         ..\..\lib\public\vtf.lib
            Creating library .\Release_mod_episodic\\gamepadui.lib and object .\Release_mod_episodic\\gamepadui.exp
         gamepadui_episodic.vcxproj -> D:\sourcesdk\super-duper-resource-source-engine\sp\src\game\gamepadui\.\Release_mod_episodic\gamepadui.dll
       PostBuildEvent:
         if not exist "..\..\..\game\mod_episodic\bin\." mkdir "..\..\..\game\mod_episodic\bin\."
         copy "D:\sourcesdk\super-duper-resource-source-engine\sp\src\game\gamepadui\Release_mod_episodic\gamepadui.dll" "..\..\..\game\mod_episodic\bin\.\gamepadui.dll"
         if ERRORLEVEL 1 goto BuildEventFailed
         if exist "D:\sourcesdk\super-duper-resource-source-engine\sp\src\game\gamepadui\Release_mod_episodic\gamepadui.map" copy "D:\sourcesdk\super-duper-resource-source-engine\sp\src\game\gamepadui\Release_mod_episodic\gamepadui.map" ..\..\..\game\mod_episodic\bin\.\gamepadui.map
         copy "D:\sourcesdk\super-duper-resource-source-engine\sp\src\game\gamepadui\Release_mod_episodic\gamepadui.pdb" "..\..\..\game\mod_episodic\bin\.\gamepadui.pdb"
         if ERRORLEVEL 1 goto BuildEventFailed
         goto BuildEventOK
         :BuildEventFailed
         echo *** ERROR! PostBuildStep FAILED for GamepadUI (Episodic)! EXE or DLL is probably running. ***
         del /q "D:\sourcesdk\super-duper-resource-source-engine\sp\src\game\gamepadui\Release_mod_episodic\gamepadui.dll"
         exit 1
         :BuildEventOK
         
         :VCEnd
                 1 file(s) copied.
                 1 file(s) copied.
     1>Done Building Project "D:\sourcesdk\super-duper-resource-source-engine\sp\src\game\gamepadui\gamepadui_episodic.vcxproj" (Build target(s)).

Build succeeded.

Time Elapsed 00:00:03.53
