d:\sourcesdk\map-labs-master\sp\src\game\gamepadui\release_mod_episodic\vc120.pdb
d:\sourcesdk\super-duper-resource-source-engine\sp\src\game\gamepadui\release_mod_episodic\gamepadui_button.obj
d:\sourcesdk\super-duper-resource-source-engine\sp\src\game\gamepadui\release_mod_episodic\gamepadui_achievements.obj
d:\sourcesdk\super-duper-resource-source-engine\sp\src\game\gamepadui\release_mod_episodic\gamepadui_genericconfirmation.obj
d:\sourcesdk\super-duper-resource-source-engine\sp\src\game\gamepadui\release_mod_episodic\gamepadui_savegame.obj
d:\sourcesdk\super-duper-resource-source-engine\sp\src\game\gamepadui\release_mod_episodic\gamepadui_util.obj
d:\sourcesdk\super-duper-resource-source-engine\sp\src\game\gamepadui\release_mod_episodic\gamepadui_mainmenu.obj
d:\sourcesdk\super-duper-resource-source-engine\sp\src\game\gamepadui\release_mod_episodic\memoverride.obj
d:\sourcesdk\super-duper-resource-source-engine\sp\src\game\gamepadui\release_mod_episodic\language.obj
d:\sourcesdk\super-duper-resource-source-engine\sp\src\game\gamepadui\release_mod_episodic\vgui_controls.obj
d:\sourcesdk\super-duper-resource-source-engine\sp\src\game\gamepadui\release_mod_episodic\gamepadui_options.obj
d:\sourcesdk\super-duper-resource-source-engine\sp\src\game\gamepadui\release_mod_episodic\gamepadui_newgame.obj
d:\sourcesdk\super-duper-resource-source-engine\sp\src\game\gamepadui\release_mod_episodic\gamepadui_interface.obj
d:\sourcesdk\super-duper-resource-source-engine\sp\src\game\gamepadui\release_mod_episodic\gamepadui_frame.obj
d:\sourcesdk\super-duper-resource-source-engine\sp\src\game\gamepadui\release_mod_episodic\gamepadui_basepanel.obj
d:\sourcesdk\super-duper-resource-source-engine\sp\src\game\gamepadui\release_mod_episodic\vc120.pdb
d:\sourcesdk\map-labs-master\sp\src\game\gamepadui\gamepadui_episodic.vpc.sentinel
d:\sourcesdk\super-duper-resource-source-engine\sp\src\game\gamepadui\release_mod_episodic\pointeroverride.obj
d:\sourcesdk\map-labs-master\sp\src\game\gamepadui\release_mod_episodic\gamepadui.lib
d:\sourcesdk\map-labs-master\sp\src\game\gamepadui\release_mod_episodic\gamepadui.exp
d:\sourcesdk\super-duper-resource-source-engine\sp\src\game\gamepadui\release_mod_episodic\gamepadui.lib
d:\sourcesdk\super-duper-resource-source-engine\sp\src\game\gamepadui\release_mod_episodic\gamepadui.exp
d:\sourcesdk\map-labs-master\sp\src\game\gamepadui\release_mod_episodic\gamepadui.dll
d:\sourcesdk\map-labs-master\sp\src\game\gamepadui\release_mod_episodic\gamepadui.pdb
d:\sourcesdk\super-duper-resource-source-engine\sp\src\game\gamepadui\release_mod_episodic\gamepadui.dll
d:\sourcesdk\super-duper-resource-source-engine\sp\src\game\gamepadui\release_mod_episodic\gamepadui.pdb
d:\sourcesdk\super-duper-resource-source-engine\sp\src\game\gamepadui\.\release_mod_episodic\gamepadui.dll
d:\sourcesdk\super-duper-resource-source-engine\sp\src\game\gamepadui\release_mod_episodic\gamepadu.29434531.tlog\cl.command.1.tlog
d:\sourcesdk\super-duper-resource-source-engine\sp\src\game\gamepadui\release_mod_episodic\gamepadu.29434531.tlog\cl.read.1.tlog
d:\sourcesdk\super-duper-resource-source-engine\sp\src\game\gamepadui\release_mod_episodic\gamepadu.29434531.tlog\cl.write.1.tlog
d:\sourcesdk\super-duper-resource-source-engine\sp\src\game\gamepadui\release_mod_episodic\gamepadu.29434531.tlog\custombuild.command.1.tlog
d:\sourcesdk\super-duper-resource-source-engine\sp\src\game\gamepadui\release_mod_episodic\gamepadu.29434531.tlog\custombuild.read.1.tlog
d:\sourcesdk\super-duper-resource-source-engine\sp\src\game\gamepadui\release_mod_episodic\gamepadu.29434531.tlog\custombuild.write.1.tlog
d:\sourcesdk\super-duper-resource-source-engine\sp\src\game\gamepadui\release_mod_episodic\gamepadu.29434531.tlog\gamepadui (episodic).write.1u.tlog
d:\sourcesdk\super-duper-resource-source-engine\sp\src\game\gamepadui\release_mod_episodic\gamepadu.29434531.tlog\link.command.1.tlog
d:\sourcesdk\super-duper-resource-source-engine\sp\src\game\gamepadui\release_mod_episodic\gamepadu.29434531.tlog\link.read.1.tlog
d:\sourcesdk\super-duper-resource-source-engine\sp\src\game\gamepadui\release_mod_episodic\gamepadu.29434531.tlog\link.write.1.tlog
