Build started 1/17/2024 7:08:37 PM.
     1>Project "D:\sourcesdk\super-duper-resource-source-engine\sp\src\responserules\runtime\responserules.vcxproj" on node 8 (Build target(s)).
     1>PreBuildEvent:
         if EXIST ..\..\lib\public\.\responserules.lib ( for /f "delims=" %%A in ('attrib "..\..\lib\public\.\responserules.lib"') do set valveTmpIsReadOnly="%%A"
         ) else ( if not EXIST ..\..\lib\public\. mkdir ..\..\lib\public\. )
         set valveTmpIsReadOnlyLetter=%valveTmpIsReadOnly:~6,1%
         if "%valveTmpIsReadOnlyLetter%"=="R" (
             attrib -r ..\..\lib\public\.\responserules.lib
             ..\..\devtools\bin\gnu\touch.exe -d "1999-01-01" ..\..\lib\public\.\responserules.lib
             attrib +r ..\..\lib\public\.\responserules.lib
         )
         if exist "..\..\devtools\bin\vpc.exe" "..\..\devtools\bin\vpc.exe" -crc2 "responserules.vcxproj"
         if ERRORLEVEL 1 exit /b 1
         
         :VCEnd
       CustomBuild:
         Running VPC CRC Check - response_rules.vpc
       ClCompile:
         C:\Program Files (x86)\Microsoft Visual Studio 12.0\VC\bin\CL.exe /c /I..\..\common /I..\..\public /I..\..\public\tier0 /I..\..\public\tier1 /I..\public\responserules /Z7 /nologo /W4 /WX /MP /O2 /Ob2 /Oi /Ot /Oy- /D VPC /D RAD_TELEMETRY_DISABLED /D MAPBASE /D WIN32 /D _WIN32 /D NDEBUG /D _LIB /D _CRT_SECURE_NO_DEPRECATE /D _CRT_NONSTDC_NO_DEPRECATE /D _ALLOW_RUNTIME_LIBRARY_MISMATCH /D _ALLOW_ITERATOR_DEBUG_LEVEL_MISMATCH /D _ALLOW_MSC_VER_MISMATCH /D _USING_V110_SDK71_ /D _MBCS /D COMPILER_MSVC32 /D COMPILER_MSVC32 /D COMPILER_MSVC /D _DLL_EXT=.dll /D LIBNAME=responserules /D BINK_VIDEO /D AVI_VIDEO /D WMV_VIDEO /D DEV_BUILD /D FRAME_POINTER_OMISSION_DISABLED /D RR_RUNTIME /D _EXTERNAL_DLL_EXT=.dll /D VPCGAMECAPS=VALVE /D "PROJECTDIR=D:\sourcesdk\Map-Labs-master\sp\src\responserules\runtime" /D _DLL_EXT=.dll /D SOURCE1=1 /D VPCGAME=valve /GF /Gm- /MT /GS /Gy /arch:SSE /fp:fast /Zc:wchar_t /Zc:forScope /GR /openmp- /Fo".\Release\.\/" /Fd".\Release\.\/vc120.pdb" /Gd /TP /wd4316 /analyze- /FC /errorReport:prompt /d2Zi+ /Gw criteriaset.cpp response_system.cpp response_types.cpp response_types_internal.cpp rr_convars.cpp rr_response.cpp rr_speechconcept.cpp rrrlib.cpp
         criteriaset.cpp
         response_system.cpp
         response_types.cpp
         response_types_internal.cpp
         rr_convars.cpp
         rr_response.cpp
         rr_speechconcept.cpp
         rrrlib.cpp
       Lib:
         C:\Program Files (x86)\Microsoft Visual Studio 12.0\VC\bin\Lib.exe /OUT:"..\..\lib\public\.\responserules.lib" /NOLOGO  /ignore:4221 .\Release\.\/criteriaset.obj
         .\Release\.\/response_system.obj
         .\Release\.\/response_types.obj
         .\Release\.\/response_types_internal.obj
         .\Release\.\/rr_convars.obj
         .\Release\.\/rr_response.obj
         .\Release\.\/rr_speechconcept.obj
         .\Release\.\/rrrlib.obj
         responserules.vcxproj -> D:\sourcesdk\super-duper-resource-source-engine\sp\src\responserules\runtime\..\..\lib\public\.\responserules.lib
     1>Done Building Project "D:\sourcesdk\super-duper-resource-source-engine\sp\src\responserules\runtime\responserules.vcxproj" (Build target(s)).

Build succeeded.

Time Elapsed 00:00:14.38
