Build started 1/2/2024 11:08:16 PM.
     1>Project "D:\sourcesdk\Map-Labs-master\sp\src\game\client\client_episodic.vcxproj" on node 3 (Build target(s)).
     1>PreBuildEvent:
         if EXIST ..\..\..\game\mod_episodic\bin\.\client.dll for /f "delims=" %%A in ('attrib "..\..\..\game\mod_episodic\bin\.\client.dll"') do set valveTmpIsReadOnly="%%A"
         set valveTmpIsReadOnlyLetter=%valveTmpIsReadOnly:~6,1%
         if "%valveTmpIsReadOnlyLetter%"=="R" del /q "D:\sourcesdk\Map-Labs-master\sp\src\game\client\Release_mod_episodic\"client.dll
         if exist "..\..\devtools\bin\vpc.exe" "..\..\devtools\bin\vpc.exe" -crc2 "client_episodic.vcxproj"
         if ERRORLEVEL 1 exit /b 1
         
         :VCEnd
       ClCompile:
         C:\Program Files (x86)\Microsoft Visual Studio 12.0\VC\bin\CL.exe /c /I.\hl2 /I.\hl2\elements /I..\..\game\shared\hl2 /I..\..\game\shared\episodic /I..\..\public /I.\ /I..\..\common /I..\..\public /I..\..\public\tier0 /I..\..\public\tier1 /I..\..\game\client\generated_proto_mod_episodic /I"..\..\thirdparty\protobuf-2.3.0\src" /I..\..\vgui2\include /I..\..\vgui2\controls /I..\..\game\shared /I.\game_controls /I..\..\thirdparty\sixensesdk\include /Zi /nologo /W4 /WX /MP /O2 /Ob2 /Oi /Ot /Oy- /D VPC /D RAD_TELEMETRY_DISABLED /D MAPBASE /D WIN32 /D _WIN32 /D NDEBUG /D _WINDOWS /D _USRDLL /D _CRT_SECURE_NO_DEPRECATE /D _CRT_NONSTDC_NO_DEPRECATE /D _ALLOW_RUNTIME_LIBRARY_MISMATCH /D _ALLOW_ITERATOR_DEBUG_LEVEL_MISMATCH /D _ALLOW_MSC_VER_MISMATCH /D _USING_V110_SDK71_ /D _WINDLL /D _MBCS /D COMPILER_MSVC32 /D COMPILER_MSVC32 /D COMPILER_MSVC /D _DLL_EXT=.dll /D DLLNAME=client /D BINK_VIDEO /D AVI_VIDEO /D WMV_VIDEO /D DEV_BUILD /D FRAME_POINTER_OMISSION_DISABLED /D ASW_PROJECTED_TEXTURES /D DYNAMIC_RTT_SHADOWS /D GLOWS_ENABLE /D GAMEPADUI /D MAPBASE_RPC /D DISCORD_RPC /D STEAM_RPC /D MAPBASE_VSCRIPT /D NEW_RESPONSE_SYSTEM /D NO_STRING_T /D CLIENT_DLL /D VECTOR /D VERSION_SAFE_STEAM_API_INTERFACES /D PROTECTED_THINGS_ENABLE /D strncpy=use_Q_strncpy_instead /D _snprintf=use_Q_snprintf_instead /D ENABLE_CHROMEHTMLWINDOW /D fopen=dont_use_fopen /D HL2_CLIENT_DLL /D HL2_EPISODIC /D CSS_WEAPONS_IN_HL2 /D _EXTERNAL_DLL_EXT=.dll /D VPCGAMECAPS=VALVE /D "PROJECTDIR=D:\sourcesdk\Map-Labs-master\sp\src\game\client" /D _DLL_EXT=.dll /D VPCGAME=valve /D SOURCE1=1 /GF /Gm- /MT /GS /Gy /arch:SSE /fp:fast /Zc:wchar_t /Zc:forScope /GR /Fo".\Release_mod_episodic\/" /Fd".\Release_mod_episodic\/vc120.pdb" /Gd /TP /wd4316 /analyze- /FC /errorReport:prompt /Zm200 /d2Zi+ /Gw ..\..\public\bone_setup.cpp
         bone_setup.cpp
       Link:
         C:\Program Files (x86)\Microsoft Visual Studio 12.0\VC\bin\link.exe /ERRORREPORT:PROMPT /OUT:".\Release_mod_episodic\\client.dll" /INCREMENTAL:NO /NOLOGO /LIBPATH:..\..\lib\common\. /LIBPATH:..\..\lib\public\. shell32.lib user32.lib advapi32.lib gdi32.lib comdlg32.lib ole32.lib winmm.lib /NODEFAULTLIB:libc /NODEFAULTLIB:libcd /NODEFAULTLIB:libcmtd /MANIFEST:NO /DEBUG /PDB:".\Release_mod_episodic\/client.pdb" /SUBSYSTEM:WINDOWS,"5.01" /OPT:REF /OPT:NOICF /TLBID:1 /DYNAMICBASE:NO /NXCOMPAT /MACHINE:X86 /SAFESEH:NO  /ignore:4221 /DLL .\Release_mod_episodic\\pointeroverride.obj
         .\Release_mod_episodic\/mp3player.obj
         .\Release_mod_episodic\/cdll_replay.obj
         .\Release_mod_episodic\/replaycamera.obj
         .\Release_mod_episodic\/achievement_notification_panel.obj
         .\Release_mod_episodic\/achievement_saverestore.obj
         .\Release_mod_episodic\/achievementmgr.obj
         .\Release_mod_episodic\/achievements_hlx.obj
         .\Release_mod_episodic\/activitylist.obj
         .\Release_mod_episodic\/alphamaterialproxy.obj
         .\Release_mod_episodic\/ammodef.obj
         .\Release_mod_episodic\/animatedentitytextureproxy.obj
         .\Release_mod_episodic\/animatedoffsettextureproxy.obj
         .\Release_mod_episodic\/animatedtextureproxy.obj
         .\Release_mod_episodic\/AnimateSpecificTextureProxy.obj
         .\Release_mod_episodic\/animation.obj
         .\Release_mod_episodic\/base_playeranimstate.obj
         .\Release_mod_episodic\/baseachievement.obj
         .\Release_mod_episodic\/baseanimatedtextureproxy.obj
         .\Release_mod_episodic\/baseclientrendertargets.obj
         .\Release_mod_episodic\/basecombatcharacter_shared.obj
         .\Release_mod_episodic\/basecombatweapon_shared.obj
         .\Release_mod_episodic\/baseentity_shared.obj
         .\Release_mod_episodic\/basegrenade_shared.obj
         .\Release_mod_episodic\/baseparticleentity.obj
         .\Release_mod_episodic\/baseplayer_shared.obj
         .\Release_mod_episodic\/basepresence.obj
         .\Release_mod_episodic\/baseprojectile.obj
         .\Release_mod_episodic\/baseviewmodel_shared.obj
         .\Release_mod_episodic\/beam_shared.obj
         .\Release_mod_episodic\/beamdraw.obj
         .\Release_mod_episodic\/bone_accessor.obj
         .\Release_mod_episodic\/bone_merge_cache.obj
         .\Release_mod_episodic\/bone_setup.obj
         .\Release_mod_episodic\/c_ai_basehumanoid.obj
         .\Release_mod_episodic\/c_ai_basenpc.obj
         .\Release_mod_episodic\/c_baseanimating.obj
         .\Release_mod_episodic\/c_baseanimatingoverlay.obj
         .\Release_mod_episodic\/c_basecombatcharacter.obj
         .\Release_mod_episodic\/c_basecombatweapon.obj
         .\Release_mod_episodic\/c_basedoor.obj
         .\Release_mod_episodic\/c_baseentity.obj
         .\Release_mod_episodic\/c_baseflex.obj
         .\Release_mod_episodic\/c_baselesson.obj
         .\Release_mod_episodic\/c_baseplayer.obj
         .\Release_mod_episodic\/c_baseviewmodel.obj
         .\Release_mod_episodic\/c_breakableprop.obj
         .\Release_mod_episodic\/c_colorcorrection.obj
         .\Release_mod_episodic\/c_colorcorrectionvolume.obj
         .\Release_mod_episodic\/c_dynamiclight.obj
         .\Release_mod_episodic\/c_entitydissolve.obj
         .\Release_mod_episodic\/c_entityparticletrail.obj
         .\Release_mod_episodic\/c_env_dof_controller.obj
         .\Release_mod_episodic\/c_env_fog_controller.obj
         .\Release_mod_episodic\/c_env_global_light.obj
         .\Release_mod_episodic\/c_env_particlescript.obj
         .\Release_mod_episodic\/c_env_projectedtexture.obj
         .\Release_mod_episodic\/c_env_screenoverlay.obj
         .\Release_mod_episodic\/c_env_skydome.obj
         .\Release_mod_episodic\/c_env_tonemap_controller.obj
         .\Release_mod_episodic\/c_fire_smoke.obj
         .\Release_mod_episodic\/c_fish.obj
         .\Release_mod_episodic\/c_func_areaportalwindow.obj
         .\Release_mod_episodic\/c_func_breakablesurf.obj
         .\Release_mod_episodic\/c_func_conveyor.obj
         .\Release_mod_episodic\/c_func_dust.obj
         .\Release_mod_episodic\/c_func_lod.obj
         .\Release_mod_episodic\/C_Func_Monitor.obj
         .\Release_mod_episodic\/c_func_occluder.obj
         .\Release_mod_episodic\/c_func_reflective_glass.obj
         .\Release_mod_episodic\/c_func_rotating.obj
         .\Release_mod_episodic\/c_func_smokevolume.obj
         .\Release_mod_episodic\/c_func_tracktrain.obj
         .\Release_mod_episodic\/c_gameinstructor.obj
         .\Release_mod_episodic\/c_gib.obj
         .\Release_mod_episodic\/c_hairball.obj
         .\Release_mod_episodic\/c_info_overlay_accessor.obj
         .\Release_mod_episodic\/c_lightglow.obj
         .\Release_mod_episodic\/C_MaterialModifyControl.obj
         .\Release_mod_episodic\/c_movie_display.obj
         .\Release_mod_episodic\/c_particle_system.obj
         .\Release_mod_episodic\/c_physbox.obj
         .\Release_mod_episodic\/c_physicsprop.obj
         .\Release_mod_episodic\/c_physmagnet.obj
         .\Release_mod_episodic\/c_pixel_visibility.obj
         .\Release_mod_episodic\/c_plasma.obj
         .\Release_mod_episodic\/c_playerresource.obj
         .\Release_mod_episodic\/c_point_camera.obj
         .\Release_mod_episodic\/c_point_commentary_node.obj
         .\Release_mod_episodic\/c_postprocesscontroller.obj
         .\Release_mod_episodic\/c_props.obj
         .\Release_mod_episodic\/c_ragdoll_manager.obj
         .\Release_mod_episodic\/c_rope.obj
         .\Release_mod_episodic\/c_rumble.obj
         .\Release_mod_episodic\/c_sceneentity.obj
         .\Release_mod_episodic\/c_shadowcontrol.obj
         .\Release_mod_episodic\/c_slideshow_display.obj
         .\Release_mod_episodic\/c_soundscape.obj
         .\Release_mod_episodic\/c_spotlight_end.obj
         .\Release_mod_episodic\/c_sprite.obj
         .\Release_mod_episodic\/c_sprite_perfmonitor.obj
         .\Release_mod_episodic\/c_sun.obj
         .\Release_mod_episodic\/c_team.obj
         .\Release_mod_episodic\/c_team_objectiveresource.obj
         .\Release_mod_episodic\/c_tesla.obj
         .\Release_mod_episodic\/c_test_proxytoggle.obj
         .\Release_mod_episodic\/c_user_message_register.obj
         .\Release_mod_episodic\/c_vehicle_choreo_generic.obj
         .\Release_mod_episodic\/c_vehicle_jeep.obj
         .\Release_mod_episodic\/c_vguiscreen.obj
         .\Release_mod_episodic\/c_vote_controller.obj
         .\Release_mod_episodic\/c_waterbullet.obj
         .\Release_mod_episodic\/C_WaterLODControl.obj
         .\Release_mod_episodic\/c_world.obj
         .\Release_mod_episodic\/cam_thirdperson.obj
         .\Release_mod_episodic\/camomaterialproxy.obj
         .\Release_mod_episodic\/CCursorClipManagement.obj
         .\Release_mod_episodic\/cdll_bounded_cvars.obj
         .\Release_mod_episodic\/cdll_client_int.obj
         .\Release_mod_episodic\/cdll_util.obj
         .\Release_mod_episodic\/cl_mat_stub.obj
         .\Release_mod_episodic\/classmap.obj
         .\Release_mod_episodic\/client_class.obj
         .\Release_mod_episodic\/client_factorylist.obj
         .\Release_mod_episodic\/client_thinklist.obj
         .\Release_mod_episodic\/client_virtualreality.obj
         .\Release_mod_episodic\/clienteffectprecachesystem.obj
         .\Release_mod_episodic\/cliententitylist.obj
         .\Release_mod_episodic\/clientleafsystem.obj
         .\Release_mod_episodic\/clientmode_shared.obj
         .\Release_mod_episodic\/clientshadowmgr.obj
         .\Release_mod_episodic\/clientsideeffects.obj
         .\Release_mod_episodic\/clientsideeffects_test.obj
         .\Release_mod_episodic\/clientsteamcontext.obj
         .\Release_mod_episodic\/collisionproperty.obj
         .\Release_mod_episodic\/collisionutils.obj
         .\Release_mod_episodic\/colorcorrectionmgr.obj
         .\Release_mod_episodic\/commentary_modelviewer.obj
         .\Release_mod_episodic\/compiledcaptionswap.obj
         .\Release_mod_episodic\/convarproxy.obj
         .\Release_mod_episodic\/crtmemdebug.obj
         .\Release_mod_episodic\/death_pose.obj
         .\Release_mod_episodic\/debugoverlay_shared.obj
         .\Release_mod_episodic\/decals.obj
         .\Release_mod_episodic\/detailobjectsystem.obj
         .\Release_mod_episodic\/dt_recv.obj
         .\Release_mod_episodic\/dt_utlvector_common.obj
         .\Release_mod_episodic\/dt_utlvector_recv.obj
         .\Release_mod_episodic\/dummyproxy.obj
         .\Release_mod_episodic\/effect_dispatch_data.obj
         .\Release_mod_episodic\/EffectsClient.obj
         .\Release_mod_episodic\/ehandle.obj
         .\Release_mod_episodic\/engine_patch.obj
         .\Release_mod_episodic\/entitylist_base.obj
         .\Release_mod_episodic\/entityoriginmaterialproxy.obj
         .\Release_mod_episodic\/EntityParticleTrail_Shared.obj
         .\Release_mod_episodic\/env_detail_controller.obj
         .\Release_mod_episodic\/env_wind_shared.obj
         .\Release_mod_episodic\/eventlist.obj
         .\Release_mod_episodic\/filesystem_helpers.obj
         .\Release_mod_episodic\/flashlighteffect.obj
         .\Release_mod_episodic\/func_ladder.obj
         .\Release_mod_episodic\/functionproxy.obj
         .\Release_mod_episodic\/fx_blood.obj
         .\Release_mod_episodic\/fx_cube.obj
         .\Release_mod_episodic\/fx_explosion.obj
         .\Release_mod_episodic\/fx_fleck.obj
         .\Release_mod_episodic\/fx_impact.obj
         .\Release_mod_episodic\/fx_interpvalue.obj
         .\Release_mod_episodic\/fx_quad.obj
         .\Release_mod_episodic\/fx_shelleject.obj
         .\Release_mod_episodic\/fx_staticline.obj
         .\Release_mod_episodic\/fx_tracer.obj
         .\Release_mod_episodic\/fx_trail.obj
         .\Release_mod_episodic\/fx_water.obj
         .\Release_mod_episodic\/gamemovement.obj
         .\Release_mod_episodic\/gamerules.obj
         .\Release_mod_episodic\/gamerules_register.obj
         .\Release_mod_episodic\/GameStats.obj
         .\Release_mod_episodic\/gamestringpool.obj
         .\Release_mod_episodic\/gametrace_client.obj
         .\Release_mod_episodic\/gamevars_shared.obj
         .\Release_mod_episodic\/geiger.obj
         .\Release_mod_episodic\/glow_outline_effect.obj
         .\Release_mod_episodic\/glow_overlay.obj
         .\Release_mod_episodic\/haptic_msgs.obj
         .\Release_mod_episodic\/haptic_utils.obj
         .\Release_mod_episodic\/hintmessage.obj
         .\Release_mod_episodic\/hintsystem.obj
         .\Release_mod_episodic\/history_resource.obj
         .\Release_mod_episodic\/hltvcamera.obj
         .\Release_mod_episodic\/hud.obj
         .\Release_mod_episodic\/hud_animationinfo.obj
         .\Release_mod_episodic\/hud_autoaim.obj
         .\Release_mod_episodic\/hud_basechat.obj
         .\Release_mod_episodic\/hud_basetimer.obj
         .\Release_mod_episodic\/hud_bitmapnumericdisplay.obj
         .\Release_mod_episodic\/hud_chat.obj
         .\Release_mod_episodic\/hud_closecaption.obj
         .\Release_mod_episodic\/hud_crosshair.obj
         .\Release_mod_episodic\/hud_element_helper.obj
         .\Release_mod_episodic\/hud_filmdemo.obj
         .\Release_mod_episodic\/hud_hdrdemo.obj
         .\Release_mod_episodic\/hud_hintdisplay.obj
         .\Release_mod_episodic\/hud_lcd.obj
         .\Release_mod_episodic\/hud_locator_target.obj
         .\Release_mod_episodic\/hud_msg.obj
         .\Release_mod_episodic\/hud_numericdisplay.obj
         .\Release_mod_episodic\/hud_pdump.obj
         .\Release_mod_episodic\/hud_redraw.obj
         .\Release_mod_episodic\/hud_vehicle.obj
         .\Release_mod_episodic\/hud_weapon.obj
         .\Release_mod_episodic\/igamesystem.obj
         .\Release_mod_episodic\/in_camera.obj
         .\Release_mod_episodic\/in_joystick.obj
         .\Release_mod_episodic\/in_main.obj
         .\Release_mod_episodic\/in_mouse.obj
         .\Release_mod_episodic\/initializer.obj
         .\Release_mod_episodic\/interpolatedvar.obj
         .\Release_mod_episodic\/interpolatortypes.obj
         .\Release_mod_episodic\/IsNPCProxy.obj
         .\Release_mod_episodic\/jigglebones.obj
         .\Release_mod_episodic\/lampbeamproxy.obj
         .\Release_mod_episodic\/lamphaloproxy.obj
         .\Release_mod_episodic\/language.obj
         .\Release_mod_episodic\/mapbase_rendertargets.obj
         .\Release_mod_episodic\/mapentities_shared.obj
         .\Release_mod_episodic\/mathproxy.obj
         .\Release_mod_episodic\/matrixproxy.obj
         .\Release_mod_episodic\/memoverride.obj
         ".\Release_mod_episodic\/menu background.obj"
         .\Release_mod_episodic\/menu.obj
         .\Release_mod_episodic\/message.obj
         .\Release_mod_episodic\/movehelper_client.obj
         .\Release_mod_episodic\/movevars_shared.obj
         .\Release_mod_episodic\/mp_shareddefs.obj
         .\Release_mod_episodic\/multiplay_gamerules.obj
         .\Release_mod_episodic\/mumble.obj
         .\Release_mod_episodic\/networkvar.obj
         .\Release_mod_episodic\/object_motion_blur_effect.obj
         .\Release_mod_episodic\/obstacle_pushaway.obj
         .\Release_mod_episodic\/os_utils.obj
         .\Release_mod_episodic\/panelmetaclassmgr.obj
         .\Release_mod_episodic\/particle_collision.obj
         .\Release_mod_episodic\/particle_litsmokeemitter.obj
         .\Release_mod_episodic\/particle_parse.obj
         .\Release_mod_episodic\/particle_property.obj
         .\Release_mod_episodic\/particle_proxies.obj
         .\Release_mod_episodic\/particle_simple3d.obj
         .\Release_mod_episodic\/particlemgr.obj
         .\Release_mod_episodic\/particles_attractor.obj
         .\Release_mod_episodic\/particles_ez.obj
         .\Release_mod_episodic\/particles_localspace.obj
         .\Release_mod_episodic\/particles_new.obj
         .\Release_mod_episodic\/particles_simple.obj
         .\Release_mod_episodic\/particlesystemquery.obj
         .\Release_mod_episodic\/perfvisualbenchmark.obj
         .\Release_mod_episodic\/physics.obj
         .\Release_mod_episodic\/physics_main_client.obj
         .\Release_mod_episodic\/physics_main_shared.obj
         .\Release_mod_episodic\/physics_saverestore.obj
         .\Release_mod_episodic\/physics_shared.obj
         .\Release_mod_episodic\/physpropclientside.obj
         .\Release_mod_episodic\/playerandobjectenumerator.obj
         .\Release_mod_episodic\/playerspawncache.obj
         .\Release_mod_episodic\/point_bonusmaps_accessor.obj
         .\Release_mod_episodic\/point_posecontroller.obj
         .\Release_mod_episodic\/posedebugger.obj
         .\Release_mod_episodic\/precache_register.obj
         .\Release_mod_episodic\/predictableid.obj
         .\Release_mod_episodic\/prediction.obj
         .\Release_mod_episodic\/predictioncopy.obj
         .\Release_mod_episodic\/props_shared.obj
         .\Release_mod_episodic\/proxyentity.obj
         .\Release_mod_episodic\/ProxyHealth.obj
         .\Release_mod_episodic\/proxyplayer.obj
         .\Release_mod_episodic\/proxypupil.obj
         .\Release_mod_episodic\/ragdoll.obj
         .\Release_mod_episodic\/ragdoll_shared.obj
         .\Release_mod_episodic\/randoverride.obj
         .\Release_mod_episodic\/recvproxy.obj
         .\Release_mod_episodic\/renamed_recvtable_compat.obj
         .\Release_mod_episodic\/rendertexture.obj
         .\Release_mod_episodic\/rope_helpers.obj
         .\Release_mod_episodic\/rope_physics.obj
         .\Release_mod_episodic\/saverestore.obj
         .\Release_mod_episodic\/sceneentity_shared.obj
         .\Release_mod_episodic\/scratchpad3d.obj
         .\Release_mod_episodic\/ScratchPadUtils.obj
         .\Release_mod_episodic\/ScreenSpaceEffects.obj
         .\Release_mod_episodic\/sentence.obj
         .\Release_mod_episodic\/sequence_Transitioner.obj
         .\Release_mod_episodic\/sheetsimulator.obj
         .\Release_mod_episodic\/simple_keys.obj
         .\Release_mod_episodic\/simple_physics.obj
         .\Release_mod_episodic\/simtimer.obj
         .\Release_mod_episodic\/singleplay_gamerules.obj
         .\Release_mod_episodic\/SoundEmitterSystem.obj
         .\Release_mod_episodic\/soundenvelope.obj
         .\Release_mod_episodic\/SoundParametersInternal.obj
         .\Release_mod_episodic\/splinepatch.obj
         .\Release_mod_episodic\/Sprite.obj
         .\Release_mod_episodic\/spritemodel.obj
         .\Release_mod_episodic\/SpriteTrail.obj
         .\Release_mod_episodic\/stringregistry.obj
         .\Release_mod_episodic\/studio.obj
         .\Release_mod_episodic\/studio_shared.obj
         .\Release_mod_episodic\/studio_stats.obj
         .\Release_mod_episodic\/takedamageinfo.obj
         .\Release_mod_episodic\/teamplay_gamerules.obj
         .\Release_mod_episodic\/teamplayroundbased_gamerules.obj
         .\Release_mod_episodic\/test_ehandle.obj
         .\Release_mod_episodic\/text_message.obj
         .\Release_mod_episodic\/texturescrollmaterialproxy.obj
         .\Release_mod_episodic\/timematerialproxy.obj
         .\Release_mod_episodic\/tne_RenderTargets.obj
         .\Release_mod_episodic\/toggletextureproxy.obj
         .\Release_mod_episodic\/train.obj
         .\Release_mod_episodic\/usercmd.obj
         .\Release_mod_episodic\/usermessages.obj
         .\Release_mod_episodic\/util_shared.obj
         .\Release_mod_episodic\/vallocator.obj
         .\Release_mod_episodic\/vehicle_viewblend_shared.obj
         .\Release_mod_episodic\/vgui_avatarimage.obj
         .\Release_mod_episodic\/vgui_basepanel.obj
         .\Release_mod_episodic\/vgui_bitmapbutton.obj
         .\Release_mod_episodic\/vgui_bitmapimage.obj
         .\Release_mod_episodic\/vgui_bitmappanel.obj
         .\Release_mod_episodic\/vgui_centerstringpanel.obj
         .\Release_mod_episodic\/vgui_consolepanel.obj
         .\Release_mod_episodic\/vgui_controls.obj
         .\Release_mod_episodic\/vgui_debugoverlaypanel.obj
         .\Release_mod_episodic\/vgui_fpspanel.obj
         .\Release_mod_episodic\/vgui_game_viewport.obj
         .\Release_mod_episodic\/vgui_grid.obj
         .\Release_mod_episodic\/vgui_int.obj
         .\Release_mod_episodic\/vgui_loadingdiscpanel.obj
         .\Release_mod_episodic\/vgui_messagechars.obj
         .\Release_mod_episodic\/vgui_movie_display.obj
         .\Release_mod_episodic\/vgui_netgraphpanel.obj
         .\Release_mod_episodic\/vgui_schemevisualizer.obj
         .\Release_mod_episodic\/vgui_slideshow_display_screen.obj
         .\Release_mod_episodic\/vgui_video.obj
         .\Release_mod_episodic\/vgui_video_player.obj
         .\Release_mod_episodic\/view.obj
         .\Release_mod_episodic\/view_beams.obj
         .\Release_mod_episodic\/view_effects.obj
         .\Release_mod_episodic\/view_scene.obj
         .\Release_mod_episodic\/viewangleanim.obj
         .\Release_mod_episodic\/ViewConeImage.obj
         .\Release_mod_episodic\/viewdebug.obj
         .\Release_mod_episodic\/viewpostprocess.obj
         .\Release_mod_episodic\/viewrender.obj
         .\Release_mod_episodic\/voice_banmgr.obj
         .\Release_mod_episodic\/voice_status.obj
         .\Release_mod_episodic\/vscript_client.obj
         .\Release_mod_episodic\/vscript_shared.obj
         .\Release_mod_episodic\/warp_overlay.obj
         .\Release_mod_episodic\/WaterLODMaterialProxy.obj
         .\Release_mod_episodic\/weapon_parse.obj
         .\Release_mod_episodic\/weapon_parse_default.obj
         .\Release_mod_episodic\/weapon_selection.obj
         .\Release_mod_episodic\/weapons_resource.obj
         .\Release_mod_episodic\/WorldDimsProxy.obj
         .\Release_mod_episodic\/worldlight.obj
         .\Release_mod_episodic\/basemodel_panel.obj
         .\Release_mod_episodic\/basemodelpanel.obj
         .\Release_mod_episodic\/baseviewport.obj
         .\Release_mod_episodic\/ClientScoreBoardDialog.obj
         .\Release_mod_episodic\/commandmenu.obj
         .\Release_mod_episodic\/IconPanel.obj
         .\Release_mod_episodic\/intromenu.obj
         .\Release_mod_episodic\/MapOverview.obj
         .\Release_mod_episodic\/NavProgress.obj
         .\Release_mod_episodic\/SpectatorGUI.obj
         .\Release_mod_episodic\/teammenu.obj
         .\Release_mod_episodic\/vguitextwindow.obj
         .\Release_mod_episodic\/achievements_ep1.obj
         .\Release_mod_episodic\/achievements_ep2.obj
         .\Release_mod_episodic\/achievements_epx.obj
         .\Release_mod_episodic\/achievements_maplab.obj
         .\Release_mod_episodic\/basehlcombatweapon_shared.obj
         .\Release_mod_episodic\/c_antlion_dust.obj
         .\Release_mod_episodic\/c_ar2_explosion.obj
         .\Release_mod_episodic\/c_barnacle.obj
         .\Release_mod_episodic\/c_barney.obj
         .\Release_mod_episodic\/c_basehelicopter.obj
         .\Release_mod_episodic\/c_basehlcombatweapon.obj
         .\Release_mod_episodic\/c_basehlplayer.obj
         .\Release_mod_episodic\/c_citadel_effects.obj
         .\Release_mod_episodic\/c_corpse.obj
         .\Release_mod_episodic\/c_env_alyxtemp.obj
         .\Release_mod_episodic\/c_env_headcrabcanister.obj
         .\Release_mod_episodic\/c_env_starfield.obj
         .\Release_mod_episodic\/c_func_tankmortar.obj
         .\Release_mod_episodic\/c_hl2_playerlocaldata.obj
         .\Release_mod_episodic\/c_info_teleporter_countdown.obj
         .\Release_mod_episodic\/c_npc_advisor.obj
         .\Release_mod_episodic\/c_npc_antlionguard.obj
         .\Release_mod_episodic\/c_npc_combinegunship.obj
         .\Release_mod_episodic\/c_npc_manhack.obj
         .\Release_mod_episodic\/c_npc_puppet.obj
         .\Release_mod_episodic\/c_npc_rollermine.obj
         .\Release_mod_episodic\/c_plasma_beam_node.obj
         .\Release_mod_episodic\/c_prop_combine_ball.obj
         .\Release_mod_episodic\/c_prop_scalable.obj
         .\Release_mod_episodic\/c_rotorwash.obj
         .\Release_mod_episodic\/c_script_intro.obj
         .\Release_mod_episodic\/c_strider.obj
         .\Release_mod_episodic\/c_te_concussiveexplosion.obj
         .\Release_mod_episodic\/c_te_flare.obj
         .\Release_mod_episodic\/c_thumper_dust.obj
         .\Release_mod_episodic\/c_vehicle_airboat.obj
         .\Release_mod_episodic\/c_vehicle_cannon.obj
         .\Release_mod_episodic\/c_vehicle_crane.obj
         .\Release_mod_episodic\/c_vehicle_jeep_episodic.obj
         .\Release_mod_episodic\/c_vehicle_prisoner_pod.obj
         .\Release_mod_episodic\/c_vort_charge_token.obj
         .\Release_mod_episodic\/c_weapon__stubs_hl2.obj
         .\Release_mod_episodic\/c_weapon_crossbow.obj
         .\Release_mod_episodic\/c_weapon_hopwire.obj
         .\Release_mod_episodic\/c_weapon_physcannon.obj
         .\Release_mod_episodic\/clientmode_hlnormal.obj
         .\Release_mod_episodic\/convars_maplab.obj
         .\Release_mod_episodic\/death.obj
         .\Release_mod_episodic\/df_render_targets.obj
         .\Release_mod_episodic\/df_screeneffects.obj
         .\Release_mod_episodic\/df_view_scene.obj
         .\Release_mod_episodic\/env_headcrabcanister_shared.obj
         .\Release_mod_episodic\/episodic_screenspaceeffects.obj
         .\Release_mod_episodic\/flesh_internal_material_proxy.obj
         .\Release_mod_episodic\/fx_antlion.obj
         .\Release_mod_episodic\/fx_bugbait.obj
         .\Release_mod_episodic\/fx_hl2_impacts.obj
         .\Release_mod_episodic\/fx_hl2_tracers.obj
         .\Release_mod_episodic\/handviewmodel_shared.obj
         .\Release_mod_episodic\/hl2_clientmode.obj
         .\Release_mod_episodic\/hl2_gamerules.obj
         .\Release_mod_episodic\/hl2_usermessages.obj
         .\Release_mod_episodic\/hl_gamemovement.obj
         .\Release_mod_episodic\/hl_in_main.obj
         .\Release_mod_episodic\/hl_prediction.obj
         .\Release_mod_episodic\/hud_ammo.obj
         .\Release_mod_episodic\/hud_battery.obj
         .\Release_mod_episodic\/hud_blood.obj
         .\Release_mod_episodic\/hud_credits.obj
         .\Release_mod_episodic\/hud_damageindicator.obj
         .\Release_mod_episodic\/hud_flashlight.obj
         .\Release_mod_episodic\/hud_health.obj
         .\Release_mod_episodic\/hud_locator.obj
         .\Release_mod_episodic\/hud_poisondamageindicator.obj
         .\Release_mod_episodic\/hud_posture.obj
         .\Release_mod_episodic\/hud_quickinfo.obj
         .\Release_mod_episodic\/hud_radar.obj
         .\Release_mod_episodic\/hud_squadstatus.obj
         .\Release_mod_episodic\/hud_suitpower.obj
         .\Release_mod_episodic\/hud_weaponselection.obj
         .\Release_mod_episodic\/hud_zoom.obj
         .\Release_mod_episodic\/lab_gamerules.obj
         .\Release_mod_episodic\/script_intro_shared.obj
         .\Release_mod_episodic\/shieldproxy.obj
         .\Release_mod_episodic\/survival_gamerules.obj
         .\Release_mod_episodic\/vgui_rootpanel_hl2.obj
         .\Release_mod_episodic\/weapon_stunstick.obj
         .\Release_mod_episodic\/weapon_css_base.obj
         .\Release_mod_episodic\/weapon_css_misc.obj
         .\Release_mod_episodic\/weapon_css_pistols.obj
         .\Release_mod_episodic\/weapon_css_rifles.obj
         .\Release_mod_episodic\/weapon_css_shotguns.obj
         .\Release_mod_episodic\/weapon_css_smgs.obj
         .\Release_mod_episodic\/weapon_slam.obj
         .\Release_mod_episodic\/c_func_clientclip.obj
         .\Release_mod_episodic\/c_func_fake_worldportal.obj
         .\Release_mod_episodic\/c_hl2_player_talker.obj
         .\Release_mod_episodic\/c_point_glow.obj
         .\Release_mod_episodic\/c_vgui_text_display.obj
         .\Release_mod_episodic\/logic_script_client.obj
         .\Release_mod_episodic\/mapbase_autocubemap.obj
         .\Release_mod_episodic\/mapbase_game_log.obj
         .\Release_mod_episodic\/mapbase_rpc.obj
         .\Release_mod_episodic\/mapbase_shared.obj
         .\Release_mod_episodic\/mapbase_usermessages.obj
         .\Release_mod_episodic\/MapEdit.obj
         .\Release_mod_episodic\/matchers.obj
         .\Release_mod_episodic\/singleplayer_animstate.obj
         .\Release_mod_episodic\/vscript_consts_shared.obj
         .\Release_mod_episodic\/vscript_consts_weapons.obj
         .\Release_mod_episodic\/vscript_funcs_hl2.obj
         .\Release_mod_episodic\/vscript_funcs_shared.obj
         .\Release_mod_episodic\/vscript_singletons.obj
         .\Release_mod_episodic\/vscript_vgui.obj
         .\Release_mod_episodic\/weapon_custom_scripted.obj
         .\Release_mod_episodic\/c_point_blob_container.obj
         .\Release_mod_episodic\/c_point_blob_element.obj
         .\Release_mod_episodic\/CUBE_GRID.obj
         .\Release_mod_episodic\/stdafx.obj
         .\Release_mod_episodic\/SEdit_ModelRender.obj
         .\Release_mod_episodic\/ShaderEditorSystem.obj
         .\Release_mod_episodic\/in_sixense.obj
         .\Release_mod_episodic\/in_sixense_gesture_bindings.obj
         .\Release_mod_episodic\/sixense_convars.obj
         .\Release_mod_episodic\/c_basetempentity.obj
         .\Release_mod_episodic\/c_effects.obj
         .\Release_mod_episodic\/c_impact_effects.obj
         .\Release_mod_episodic\/c_movie_explosion.obj
         .\Release_mod_episodic\/c_particle_fire.obj
         .\Release_mod_episodic\/c_particle_smokegrenade.obj
         .\Release_mod_episodic\/c_prop_vehicle.obj
         .\Release_mod_episodic\/c_recipientfilter.obj
         .\Release_mod_episodic\/c_smoke_trail.obj
         .\Release_mod_episodic\/c_smokestack.obj
         .\Release_mod_episodic\/c_steamjet.obj
         .\Release_mod_episodic\/c_stickybolt.obj
         .\Release_mod_episodic\/c_te.obj
         .\Release_mod_episodic\/c_te_armorricochet.obj
         .\Release_mod_episodic\/c_te_basebeam.obj
         .\Release_mod_episodic\/c_te_beamentpoint.obj
         .\Release_mod_episodic\/c_te_beaments.obj
         .\Release_mod_episodic\/c_te_beamfollow.obj
         .\Release_mod_episodic\/c_te_beamlaser.obj
         .\Release_mod_episodic\/c_te_beampoints.obj
         .\Release_mod_episodic\/c_te_beamring.obj
         .\Release_mod_episodic\/c_te_beamringpoint.obj
         .\Release_mod_episodic\/c_te_beamspline.obj
         .\Release_mod_episodic\/c_te_bloodsprite.obj
         .\Release_mod_episodic\/c_te_bloodstream.obj
         .\Release_mod_episodic\/c_te_breakmodel.obj
         .\Release_mod_episodic\/c_te_bspdecal.obj
         .\Release_mod_episodic\/c_te_bubbles.obj
         .\Release_mod_episodic\/c_te_bubbletrail.obj
         .\Release_mod_episodic\/c_te_clientprojectile.obj
         .\Release_mod_episodic\/c_te_decal.obj
         .\Release_mod_episodic\/c_te_dynamiclight.obj
         .\Release_mod_episodic\/c_te_effect_dispatch.obj
         .\Release_mod_episodic\/c_te_energysplash.obj
         .\Release_mod_episodic\/c_te_explosion.obj
         .\Release_mod_episodic\/c_te_fizz.obj
         .\Release_mod_episodic\/c_te_footprint.obj
         .\Release_mod_episodic\/c_te_glassshatter.obj
         .\Release_mod_episodic\/c_te_glowsprite.obj
         .\Release_mod_episodic\/c_te_impact.obj
         .\Release_mod_episodic\/c_te_killplayerattachments.obj
         .\Release_mod_episodic\/c_te_largefunnel.obj
         .\Release_mod_episodic\/c_te_legacytempents.obj
         .\Release_mod_episodic\/c_te_muzzleflash.obj
         .\Release_mod_episodic\/c_te_particlesystem.obj
         .\Release_mod_episodic\/c_te_physicsprop.obj
         .\Release_mod_episodic\/c_te_playerdecal.obj
         .\Release_mod_episodic\/c_te_projecteddecal.obj
         .\Release_mod_episodic\/c_te_showline.obj
         .\Release_mod_episodic\/c_te_smoke.obj
         .\Release_mod_episodic\/c_te_sparks.obj
         .\Release_mod_episodic\/c_te_sprite.obj
         .\Release_mod_episodic\/c_te_spritespray.obj
         .\Release_mod_episodic\/c_te_worlddecal.obj
         .\Release_mod_episodic\/c_testtraceline.obj
         .\Release_mod_episodic\/c_tracer.obj
         .\Release_mod_episodic\/fx.obj
         .\Release_mod_episodic\/fx_discreetline.obj
         .\Release_mod_episodic\/fx_envelope.obj
         .\Release_mod_episodic\/fx_line.obj
         .\Release_mod_episodic\/fx_sparks.obj
         .\Release_mod_episodic\/particlesphererenderer.obj
         .\Release_mod_episodic\/smoke_fog_overlay.obj
         .\Release_mod_episodic\/bonelist.obj
         .\Release_mod_episodic\/entity_client_tools.obj
         .\Release_mod_episodic\/toolframework_client.obj
         ..\..\lib\public\bitmap.lib
         ..\..\lib\public\choreoobjects.lib
         "..\..\lib\public\discord-rpc.lib"
         ..\..\lib\public\dmxloader.lib
         ..\..\lib\common\libcurl.lib
         ..\..\lib\public\libprotobuf.lib
         ..\..\lib\public\libz.lib
         ..\..\lib\public\mathlib.lib
         ..\..\lib\public\matsys_controls.lib
         ..\..\lib\public\particles.lib
         ..\..\lib\public\raytrace.lib
         ..\..\lib\public\steam_api.lib
         ..\..\lib\public\tier0.lib
         ..\..\lib\public\tier1.lib
         ..\..\lib\public\tier2.lib
         ..\..\lib\public\tier3.lib
         ..\..\lib\public\vgui_controls.lib
         ..\..\lib\public\vscript.lib
         ..\..\lib\public\vstdlib.lib
         ..\..\lib\public\vtf.lib
            Creating library .\Release_mod_episodic\\client.lib and object .\Release_mod_episodic\\client.exp
         client_episodic.vcxproj -> D:\sourcesdk\Map-Labs-master\sp\src\game\client\.\Release_mod_episodic\client.dll
       PostBuildEvent:
         if not exist "..\..\..\game\mod_episodic\bin\." mkdir "..\..\..\game\mod_episodic\bin\."
         copy "D:\sourcesdk\Map-Labs-master\sp\src\game\client\Release_mod_episodic\client.dll" "..\..\..\game\mod_episodic\bin\.\client.dll"
         if ERRORLEVEL 1 goto BuildEventFailed
         if exist "D:\sourcesdk\Map-Labs-master\sp\src\game\client\Release_mod_episodic\client.map" copy "D:\sourcesdk\Map-Labs-master\sp\src\game\client\Release_mod_episodic\client.map" ..\..\..\game\mod_episodic\bin\.\client.map
         copy "D:\sourcesdk\Map-Labs-master\sp\src\game\client\Release_mod_episodic\client.pdb" "..\..\..\game\mod_episodic\bin\.\client.pdb"
         if ERRORLEVEL 1 goto BuildEventFailed
         goto BuildEventOK
         :BuildEventFailed
         echo *** ERROR! PostBuildStep FAILED for Client (Episodic)! EXE or DLL is probably running. ***
         del /q "D:\sourcesdk\Map-Labs-master\sp\src\game\client\Release_mod_episodic\client.dll"
         exit 1
         :BuildEventOK
         
         :VCEnd
                 1 file(s) copied.
                 1 file(s) copied.
     1>Done Building Project "D:\sourcesdk\Map-Labs-master\sp\src\game\client\client_episodic.vcxproj" (Build target(s)).

Build succeeded.

Time Elapsed 00:00:21.19
